2026-06-09 11:03:59 - Starting GatewayApplicationTests using Java 21.0.10 with PID 7104 (started by SJ-Alumno in C:\Users\sj-alumno\Desktop\Nueva carpeta\Proyecto_full_stack_00\gateway)
2026-06-09 11:03:59 - No active profile set, falling back to 1 default profile: "default"
2026-06-09 11:04:00 - BeanFactory id=10bb1348-d7b9-3835-8b4e-d49471bbb4e6
2026-06-09 11:04:00 - Bean 'org.springframework.cloud.client.loadbalancer.LoadBalancerAutoConfiguration$DeferringLoadBalancerInterceptorConfig' of type [org.springframework.cloud.client.loadbalancer.LoadBalancerAutoConfiguration$DeferringLoadBalancerInterceptorConfig] is not eligible for getting processed by all BeanPostProcessors (for example: not eligible for auto-proxying). The currently created BeanPostProcessor [lbRestClientPostProcessor] is declared through a non-static factory method on that class; consider declaring it as static instead.
2026-06-09 11:04:00 - Bean 'deferringLoadBalancerInterceptor' of type [org.springframework.cloud.client.loadbalancer.DeferringLoadBalancerInterceptor] is not eligible for getting processed by all BeanPostProcessors (for example: not eligible for auto-proxying). Is this bean getting eagerly injected into a currently created BeanPostProcessor [lbRestClientPostProcessor]? Check the corresponding BeanPostProcessor declaration and its dependencies.
2026-06-09 11:04:00 - Bean 'org.springframework.cloud.client.loadbalancer.reactive.LoadBalancerBeanPostProcessorAutoConfiguration' of type [org.springframework.cloud.client.loadbalancer.reactive.LoadBalancerBeanPostProcessorAutoConfiguration] is not eligible for getting processed by all BeanPostProcessors (for example: not eligible for auto-proxying). The currently created BeanPostProcessor [loadBalancerWebClientBuilderBeanPostProcessor] is declared through a non-static factory method on that class; consider declaring it as static instead.
2026-06-09 11:04:00 - Bean 'org.springframework.cloud.client.loadbalancer.reactive.LoadBalancerBeanPostProcessorAutoConfiguration$ReactorDeferringLoadBalancerFilterConfig' of type [org.springframework.cloud.client.loadbalancer.reactive.LoadBalancerBeanPostProcessorAutoConfiguration$ReactorDeferringLoadBalancerFilterConfig] is not eligible for getting processed by all BeanPostProcessors (for example: not eligible for auto-proxying). Is this bean getting eagerly injected into a currently created BeanPostProcessor [loadBalancerWebClientBuilderBeanPostProcessor]? Check the corresponding BeanPostProcessor declaration and its dependencies.
2026-06-09 11:04:00 - Bean 'reactorDeferringLoadBalancerExchangeFilterFunction' of type [org.springframework.cloud.client.loadbalancer.reactive.DeferringLoadBalancerExchangeFilterFunction] is not eligible for getting processed by all BeanPostProcessors (for example: not eligible for auto-proxying). Is this bean getting eagerly injected into a currently created BeanPostProcessor [loadBalancerWebClientBuilderBeanPostProcessor]? Check the corresponding BeanPostProcessor declaration and its dependencies.
2026-06-09 11:04:00 - Exception encountered during context initialization - cancelling refresh attempt: org.springframework.beans.factory.UnsatisfiedDependencyException: Error creating bean with name 'nettyWriteResponseFilter' defined in class path resource [org/springframework/cloud/gateway/config/GatewayAutoConfiguration$NettyConfiguration.class]: Unsatisfied dependency expressed through method 'nettyWriteResponseFilter' parameter 0: Error creating bean with name 'gatewayProperties': Could not bind properties to 'GatewayProperties' : prefix=spring.cloud.gateway, ignoreInvalidFields=false, ignoreUnknownFields=true
2026-06-09 11:04:00 - 

Error starting ApplicationContext. To display the condition evaluation report re-run your application with 'debug' enabled.
2026-06-09 11:04:00 - 

***************************
APPLICATION FAILED TO START
***************************

Description:

Binding to target org.springframework.cloud.gateway.config.GatewayProperties failed:

    Property: spring.cloud.gateway.routes[0].uri
    Value: "null"
    Reason: no debe ser nulo


Action:

Update your application's configuration

2026-06-09 11:04:00 - Caught exception while allowing TestExecutionListener [org.springframework.test.context.support.DependencyInjectionTestExecutionListener] to prepare test instance [com.proyecto.gateway.GatewayApplicationTests@2e0ad709]
java.lang.IllegalStateException: Failed to load ApplicationContext for [ReactiveWebMergedContextConfiguration@1ea930eb testClass = com.proyecto.gateway.GatewayApplicationTests, locations = [], classes = [com.proyecto.gateway.GatewayApplication], contextInitializerClasses = [], activeProfiles = [], propertySourceDescriptors = [], propertySourceProperties = ["org.springframework.boot.test.context.SpringBootTestContextBootstrapper=true"], contextCustomizers = [org.springframework.boot.test.context.filter.ExcludeFilterContextCustomizer@60bd273d, org.springframework.boot.test.json.DuplicateJsonObjectContextCustomizerFactory$DuplicateJsonObjectContextCustomizer@5d534f5d, org.springframework.boot.test.mock.mockito.MockitoContextCustomizer@0, org.springframework.boot.test.web.client.TestRestTemplateContextCustomizer@2794eab6, org.springframework.boot.test.web.reactive.server.WebTestClientContextCustomizer@1c7696c6, org.springframework.boot.test.autoconfigure.actuate.observability.ObservabilityContextCustomizerFactory$DisableObservabilityContextCustomizer@1f, org.springframework.boot.test.autoconfigure.properties.PropertyMappingContextCustomizer@0, org.springframework.boot.test.autoconfigure.web.servlet.WebDriverContextCustomizer@2eae8e6e, org.springframework.boot.test.context.SpringBootTestAnnotation@3ede51ae], contextLoader = org.springframework.boot.test.context.SpringBootContextLoader, parent = null]
	at org.springframework.test.context.cache.DefaultCacheAwareContextLoaderDelegate.loadContext(DefaultCacheAwareContextLoaderDelegate.java:180)
	at org.springframework.test.context.support.DefaultTestContext.getApplicationContext(DefaultTestContext.java:130)
	at org.springframework.test.context.support.DependencyInjectionTestExecutionListener.injectDependencies(DependencyInjectionTestExecutionListener.java:142)
	at org.springframework.test.context.support.DependencyInjectionTestExecutionListener.prepareTestInstance(DependencyInjectionTestExecutionListener.java:98)
	at org.springframework.test.context.TestContextManager.prepareTestInstance(TestContextManager.java:260)
	at org.springframework.test.context.junit.jupiter.SpringExtension.postProcessTestInstance(SpringExtension.java:163)
	at org.junit.jupiter.engine.descriptor.ClassBasedTestDescriptor.lambda$invokeTestInstancePostProcessors$10(ClassBasedTestDescriptor.java:378)
	at org.junit.jupiter.engine.descriptor.ClassBasedTestDescriptor.executeAndMaskThrowable(ClassBasedTestDescriptor.java:383)
	at org.junit.jupiter.engine.descriptor.ClassBasedTestDescriptor.lambda$invokeTestInstancePostProcessors$11(ClassBasedTestDescriptor.java:378)
	at java.base/java.util.stream.ReferencePipeline$3$1.accept(Unknown Source)
	at java.base/java.util.stream.ReferencePipeline$2$1.accept(Unknown Source)
	at java.base/java.util.ArrayList$ArrayListSpliterator.forEachRemaining(Unknown Source)
	at java.base/java.util.stream.AbstractPipeline.copyInto(Unknown Source)
	at java.base/java.util.stream.AbstractPipeline.wrapAndCopyInto(Unknown Source)
	at java.base/java.util.stream.StreamSpliterators$WrappingSpliterator.forEachRemaining(Unknown Source)
	at java.base/java.util.stream.Streams$ConcatSpliterator.forEachRemaining(Unknown Source)
	at java.base/java.util.stream.Streams$ConcatSpliterator.forEachRemaining(Unknown Source)
	at java.base/java.util.stream.ReferencePipeline$Head.forEach(Unknown Source)
	at org.junit.jupiter.engine.descriptor.ClassBasedTestDescriptor.invokeTestInstancePostProcessors(ClassBasedTestDescriptor.java:377)
	at org.junit.jupiter.engine.descriptor.ClassBasedTestDescriptor.lambda$instantiateAndPostProcessTestInstance$6(ClassBasedTestDescriptor.java:290)
	at org.junit.platform.engine.support.hierarchical.ThrowableCollector.execute(ThrowableCollector.java:73)
	at org.junit.jupiter.engine.descriptor.ClassBasedTestDescriptor.instantiateAndPostProcessTestInstance(ClassBasedTestDescriptor.java:289)
	at org.junit.jupiter.engine.descriptor.ClassBasedTestDescriptor.lambda$testInstancesProvider$4(ClassBasedTestDescriptor.java:279)
	at java.base/java.util.Optional.orElseGet(Unknown Source)
	at org.junit.jupiter.engine.descriptor.ClassBasedTestDescriptor.lambda$testInstancesProvider$5(ClassBasedTestDescriptor.java:278)
	at org.junit.jupiter.engine.execution.TestInstancesProvider.getTestInstances(TestInstancesProvider.java:31)
	at org.junit.jupiter.engine.descriptor.TestMethodTestDescriptor.lambda$prepare$0(TestMethodTestDescriptor.java:106)
	at org.junit.platform.engine.support.hierarchical.ThrowableCollector.execute(ThrowableCollector.java:73)
	at org.junit.jupiter.engine.descriptor.TestMethodTestDescriptor.prepare(TestMethodTestDescriptor.java:105)
	at org.junit.jupiter.engine.descriptor.TestMethodTestDescriptor.prepare(TestMethodTestDescriptor.java:69)
	at org.junit.platform.engine.support.hierarchical.NodeTestTask.lambda$prepare$2(NodeTestTask.java:123)
	at org.junit.platform.engine.support.hierarchical.ThrowableCollector.execute(ThrowableCollector.java:73)
	at org.junit.platform.engine.support.hierarchical.NodeTestTask.prepare(NodeTestTask.java:123)
	at org.junit.platform.engine.support.hierarchical.NodeTestTask.execute(NodeTestTask.java:90)
	at java.base/java.util.ArrayList.forEach(Unknown Source)
	at org.junit.platform.engine.support.hierarchical.SameThreadHierarchicalTestExecutorService.invokeAll(SameThreadHierarchicalTestExecutorService.java:41)
	at org.junit.platform.engine.support.hierarchical.NodeTestTask.lambda$executeRecursively$6(NodeTestTask.java:155)
	at org.junit.platform.engine.support.hierarchical.ThrowableCollector.execute(ThrowableCollector.java:73)
	at org.junit.platform.engine.support.hierarchical.NodeTestTask.lambda$executeRecursively$8(NodeTestTask.java:141)
	at org.junit.platform.engine.support.hierarchical.Node.around(Node.java:137)
	at org.junit.platform.engine.support.hierarchical.NodeTestTask.lambda$executeRecursively$9(NodeTestTask.java:139)
	at org.junit.platform.engine.support.hierarchical.ThrowableCollector.execute(ThrowableCollector.java:73)
	at org.junit.platform.engine.support.hierarchical.NodeTestTask.executeRecursively(NodeTestTask.java:138)
	at org.junit.platform.engine.support.hierarchical.NodeTestTask.execute(NodeTestTask.java:95)
	at java.base/java.util.ArrayList.forEach(Unknown Source)
	at org.junit.platform.engine.support.hierarchical.SameThreadHierarchicalTestExecutorService.invokeAll(SameThreadHierarchicalTestExecutorService.java:41)
	at org.junit.platform.engine.support.hierarchical.NodeTestTask.lambda$executeRecursively$6(NodeTestTask.java:155)
	at org.junit.platform.engine.support.hierarchical.ThrowableCollector.execute(ThrowableCollector.java:73)
	at org.junit.platform.engine.support.hierarchical.NodeTestTask.lambda$executeRecursively$8(NodeTestTask.java:141)
	at org.junit.platform.engine.support.hierarchical.Node.around(Node.java:137)
	at org.junit.platform.engine.support.hierarchical.NodeTestTask.lambda$executeRecursively$9(NodeTestTask.java:139)
	at org.junit.platform.engine.support.hierarchical.ThrowableCollector.execute(ThrowableCollector.java:73)
	at org.junit.platform.engine.support.hierarchical.NodeTestTask.executeRecursively(NodeTestTask.java:138)
	at org.junit.platform.engine.support.hierarchical.NodeTestTask.execute(NodeTestTask.java:95)
	at org.junit.platform.engine.support.hierarchical.SameThreadHierarchicalTestExecutorService.submit(SameThreadHierarchicalTestExecutorService.java:35)
	at org.junit.platform.engine.support.hierarchical.HierarchicalTestExecutor.execute(HierarchicalTestExecutor.java:57)
	at org.junit.platform.engine.support.hierarchical.HierarchicalTestEngine.execute(HierarchicalTestEngine.java:54)
	at org.junit.platform.launcher.core.EngineExecutionOrchestrator.execute(EngineExecutionOrchestrator.java:198)
	at org.junit.platform.launcher.core.EngineExecutionOrchestrator.execute(EngineExecutionOrchestrator.java:169)
	at org.junit.platform.launcher.core.EngineExecutionOrchestrator.execute(EngineExecutionOrchestrator.java:93)
	at org.junit.platform.launcher.core.EngineExecutionOrchestrator.lambda$execute$0(EngineExecutionOrchestrator.java:58)
	at org.junit.platform.launcher.core.EngineExecutionOrchestrator.withInterceptedStreams(EngineExecutionOrchestrator.java:141)
	at org.junit.platform.launcher.core.EngineExecutionOrchestrator.execute(EngineExecutionOrchestrator.java:57)
	at org.junit.platform.launcher.core.DefaultLauncher.execute(DefaultLauncher.java:103)
	at org.junit.platform.launcher.core.DefaultLauncher.execute(DefaultLauncher.java:94)
	at org.junit.platform.launcher.core.DelegatingLauncher.execute(DelegatingLauncher.java:52)
	at org.junit.platform.launcher.core.SessionPerRequestLauncher.execute(SessionPerRequestLauncher.java:70)
	at org.eclipse.jdt.internal.junit5.runner.JUnit5TestReference.run(JUnit5TestReference.java:100)
	at org.eclipse.jdt.internal.junit.runner.TestExecution.run(TestExecution.java:40)
	at org.eclipse.jdt.internal.junit.runner.RemoteTestRunner.runTests(RemoteTestRunner.java:520)
	at org.eclipse.jdt.internal.junit.runner.RemoteTestRunner.runTests(RemoteTestRunner.java:748)
	at org.eclipse.jdt.internal.junit.runner.RemoteTestRunner.run(RemoteTestRunner.java:443)
	at org.eclipse.jdt.internal.junit.runner.RemoteTestRunner.main(RemoteTestRunner.java:211)
Caused by: org.springframework.beans.factory.UnsatisfiedDependencyException: Error creating bean with name 'nettyWriteResponseFilter' defined in class path resource [org/springframework/cloud/gateway/config/GatewayAutoConfiguration$NettyConfiguration.class]: Unsatisfied dependency expressed through method 'nettyWriteResponseFilter' parameter 0: Error creating bean with name 'gatewayProperties': Could not bind properties to 'GatewayProperties' : prefix=spring.cloud.gateway, ignoreInvalidFields=false, ignoreUnknownFields=true
	at org.springframework.beans.factory.support.ConstructorResolver.createArgumentArray(ConstructorResolver.java:795)
	at org.springframework.beans.factory.support.ConstructorResolver.instantiateUsingFactoryMethod(ConstructorResolver.java:542)
	at org.springframework.beans.factory.support.AbstractAutowireCapableBeanFactory.instantiateUsingFactoryMethod(AbstractAutowireCapableBeanFactory.java:1335)
	at org.springframework.beans.factory.support.AbstractAutowireCapableBeanFactory.createBeanInstance(AbstractAutowireCapableBeanFactory.java:1165)
	at org.springframework.beans.factory.support.AbstractAutowireCapableBeanFactory.doCreateBean(AbstractAutowireCapableBeanFactory.java:562)
	at org.springframework.beans.factory.support.AbstractAutowireCapableBeanFactory.createBean(AbstractAutowireCapableBeanFactory.java:522)
	at org.springframework.beans.factory.support.AbstractBeanFactory.lambda$doGetBean$0(AbstractBeanFactory.java:326)
	at org.springframework.beans.factory.support.DefaultSingletonBeanRegistry.getSingleton(DefaultSingletonBeanRegistry.java:234)
	at org.springframework.beans.factory.support.AbstractBeanFactory.doGetBean(AbstractBeanFactory.java:324)
	at org.springframework.beans.factory.support.AbstractBeanFactory.getBean(AbstractBeanFactory.java:200)
	at org.springframework.beans.factory.support.DefaultListableBeanFactory.preInstantiateSingletons(DefaultListableBeanFactory.java:975)
	at org.springframework.context.support.AbstractApplicationContext.finishBeanFactoryInitialization(AbstractApplicationContext.java:962)
	at org.springframework.context.support.AbstractApplicationContext.refresh(AbstractApplicationContext.java:624)
	at org.springframework.boot.SpringApplication.refresh(SpringApplication.java:754)
	at org.springframework.boot.SpringApplication.refreshContext(SpringApplication.java:456)
	at org.springframework.boot.SpringApplication.run(SpringApplication.java:334)
	at org.springframework.boot.test.context.SpringBootContextLoader.lambda$loadContext$3(SpringBootContextLoader.java:137)
	at org.springframework.util.function.ThrowingSupplier.get(ThrowingSupplier.java:58)
	at org.springframework.util.function.ThrowingSupplier.get(ThrowingSupplier.java:46)
	at org.springframework.boot.SpringApplication.withHook(SpringApplication.java:1454)
	at org.springframework.boot.test.context.SpringBootContextLoader$ContextLoaderHook.run(SpringBootContextLoader.java:553)
	at org.springframework.boot.test.context.SpringBootContextLoader.loadContext(SpringBootContextLoader.java:137)
	at org.springframework.boot.test.context.SpringBootContextLoader.loadContext(SpringBootContextLoader.java:108)
	at org.springframework.test.context.cache.DefaultCacheAwareContextLoaderDelegate.loadContextInternal(DefaultCacheAwareContextLoaderDelegate.java:225)
	at org.springframework.test.context.cache.DefaultCacheAwareContextLoaderDelegate.loadContext(DefaultCacheAwareContextLoaderDelegate.java:152)
	... 72 common frames omitted
Caused by: org.springframework.boot.context.properties.ConfigurationPropertiesBindException: Error creating bean with name 'gatewayProperties': Could not bind properties to 'GatewayProperties' : prefix=spring.cloud.gateway, ignoreInvalidFields=false, ignoreUnknownFields=true
	at org.springframework.boot.context.properties.ConfigurationPropertiesBindingPostProcessor.bind(ConfigurationPropertiesBindingPostProcessor.java:99)
	at org.springframework.boot.context.properties.ConfigurationPropertiesBindingPostProcessor.postProcessBeforeInitialization(ConfigurationPropertiesBindingPostProcessor.java:79)
	at org.springframework.beans.factory.support.AbstractAutowireCapableBeanFactory.applyBeanPostProcessorsBeforeInitialization(AbstractAutowireCapableBeanFactory.java:422)
	at org.springframework.beans.factory.support.AbstractAutowireCapableBeanFactory.initializeBean(AbstractAutowireCapableBeanFactory.java:1778)
	at org.springframework.beans.factory.support.AbstractAutowireCapableBeanFactory.doCreateBean(AbstractAutowireCapableBeanFactory.java:600)
	at org.springframework.beans.factory.support.AbstractAutowireCapableBeanFactory.createBean(AbstractAutowireCapableBeanFactory.java:522)
	at org.springframework.beans.factory.support.AbstractBeanFactory.lambda$doGetBean$0(AbstractBeanFactory.java:326)
	at org.springframework.beans.factory.support.DefaultSingletonBeanRegistry.getSingleton(DefaultSingletonBeanRegistry.java:234)
	at org.springframework.beans.factory.support.AbstractBeanFactory.doGetBean(AbstractBeanFactory.java:324)
	at org.springframework.beans.factory.support.AbstractBeanFactory.getBean(AbstractBeanFactory.java:200)
	at org.springframework.beans.factory.config.DependencyDescriptor.resolveCandidate(DependencyDescriptor.java:254)
	at org.springframework.beans.factory.support.DefaultListableBeanFactory.doResolveDependency(DefaultListableBeanFactory.java:1443)
	at org.springframework.beans.factory.support.DefaultListableBeanFactory.resolveDependency(DefaultListableBeanFactory.java:1353)
	at org.springframework.beans.factory.support.ConstructorResolver.resolveAutowiredArgument(ConstructorResolver.java:904)
	at org.springframework.beans.factory.support.ConstructorResolver.createArgumentArray(ConstructorResolver.java:782)
	... 96 common frames omitted
Caused by: org.springframework.boot.context.properties.bind.BindException: Failed to bind properties under 'spring.cloud.gateway' to org.springframework.cloud.gateway.config.GatewayProperties
	at org.springframework.boot.context.properties.bind.Binder.handleBindError(Binder.java:391)
	at org.springframework.boot.context.properties.bind.Binder.bind(Binder.java:354)
	at org.springframework.boot.context.properties.bind.Binder.bind(Binder.java:339)
	at org.springframework.boot.context.properties.bind.Binder.bind(Binder.java:269)
	at org.springframework.boot.context.properties.bind.Binder.bind(Binder.java:256)
	at org.springframework.boot.context.properties.ConfigurationPropertiesBinder.bind(ConfigurationPropertiesBinder.java:94)
	at org.springframework.boot.context.properties.ConfigurationPropertiesBindingPostProcessor.bind(ConfigurationPropertiesBindingPostProcessor.java:96)
	... 110 common frames omitted
Caused by: org.springframework.boot.context.properties.bind.validation.BindValidationException: Binding validation errors on spring.cloud.gateway.routes[0]
   - Field error in object 'spring.cloud.gateway.routes[0]' on field 'uri': rejected value [null]; codes [NotNull.spring.cloud.gateway.routes[0].uri,NotNull.uri,NotNull.java.net.URI,NotNull]; arguments [org.springframework.context.support.DefaultMessageSourceResolvable: codes [spring.cloud.gateway.routes[0].uri,uri]; arguments []; default message [uri]]; default message [no debe ser nulo]
	at org.springframework.boot.context.properties.bind.validation.ValidationBindHandler.validateAndPush(ValidationBindHandler.java:141)
	at org.springframework.boot.context.properties.bind.validation.ValidationBindHandler.validate(ValidationBindHandler.java:114)
	at org.springframework.boot.context.properties.bind.validation.ValidationBindHandler.onFinish(ValidationBindHandler.java:105)
	at org.springframework.boot.context.properties.bind.AbstractBindHandler.onFinish(AbstractBindHandler.java:68)
	at org.springframework.boot.context.properties.bind.Binder.handleBindResult(Binder.java:377)
	at org.springframework.boot.context.properties.bind.Binder.bind(Binder.java:351)
	at org.springframework.boot.context.properties.bind.Binder.lambda$bindAggregate$2(Binder.java:439)
	at org.springframework.boot.context.properties.bind.Binder$Context.withSource(Binder.java:573)
	at org.springframework.boot.context.properties.bind.Binder.lambda$bindAggregate$3(Binder.java:440)
	at org.springframework.boot.context.properties.bind.IndexedElementsBinder.bindIndexed(IndexedElementsBinder.java:106)
	at org.springframework.boot.context.properties.bind.IndexedElementsBinder.bindIndexed(IndexedElementsBinder.java:86)
	at org.springframework.boot.context.properties.bind.IndexedElementsBinder.bindIndexed(IndexedElementsBinder.java:70)
	at org.springframework.boot.context.properties.bind.CollectionBinder.bindAggregate(CollectionBinder.java:48)
	at org.springframework.boot.context.properties.bind.AggregateBinder.bind(AggregateBinder.java:56)
	at org.springframework.boot.context.properties.bind.Binder.lambda$bindAggregate$4(Binder.java:442)
	at org.springframework.boot.context.properties.bind.Binder$Context.withIncreasedDepth(Binder.java:597)
	at org.springframework.boot.context.properties.bind.Binder.bindAggregate(Binder.java:442)
	at org.springframework.boot.context.properties.bind.Binder.bindObject(Binder.java:403)
	at org.springframework.boot.context.properties.bind.Binder.bind(Binder.java:350)
	at org.springframework.boot.context.properties.bind.Binder.lambda$bindDataObject$5(Binder.java:477)
	at org.springframework.boot.context.properties.bind.JavaBeanBinder.bind(JavaBeanBinder.java:99)
	at org.springframework.boot.context.properties.bind.JavaBeanBinder.bind(JavaBeanBinder.java:87)
	at org.springframework.boot.context.properties.bind.JavaBeanBinder.bind(JavaBeanBinder.java:63)
	at org.springframework.boot.context.properties.bind.Binder.lambda$bindDataObject$6(Binder.java:480)
	at java.base/java.util.stream.ReferencePipeline$3$1.accept(Unknown Source)
	at java.base/java.util.AbstractList$RandomAccessSpliterator.tryAdvance(Unknown Source)
	at java.base/java.util.stream.ReferencePipeline.forEachWithCancel(Unknown Source)
	at java.base/java.util.stream.AbstractPipeline.copyIntoWithCancel(Unknown Source)
	at java.base/java.util.stream.AbstractPipeline.copyInto(Unknown Source)
	at java.base/java.util.stream.AbstractPipeline.wrapAndCopyInto(Unknown Source)
	at java.base/java.util.stream.FindOps$FindOp.evaluateSequential(Unknown Source)
	at java.base/java.util.stream.AbstractPipeline.evaluate(Unknown Source)
	at java.base/java.util.stream.ReferencePipeline.findFirst(Unknown Source)
	at org.springframework.boot.context.properties.bind.Binder.fromDataObjectBinders(Binder.java:488)
	at org.springframework.boot.context.properties.bind.Binder.lambda$bindDataObject$7(Binder.java:479)
	at org.springframework.boot.context.properties.bind.Binder$Context.withIncreasedDepth(Binder.java:597)
	at org.springframework.boot.context.properties.bind.Binder$Context.withDataObject(Binder.java:583)
	at org.springframework.boot.context.properties.bind.Binder.bindDataObject(Binder.java:479)
	at org.springframework.boot.context.properties.bind.Binder.bindObject(Binder.java:418)
	at org.springframework.boot.context.properties.bind.Binder.bind(Binder.java:350)
	... 115 common frames omitted
2026-06-09 11:04:05 - Starting GatewayApplicationTests using Java 21.0.10 with PID 8956 (started by SJ-Alumno in C:\Users\sj-alumno\Desktop\Nueva carpeta\Proyecto_full_stack_00\gateway)
2026-06-09 11:04:05 - No active profile set, falling back to 1 default profile: "default"
2026-06-09 11:04:06 - BeanFactory id=10bb1348-d7b9-3835-8b4e-d49471bbb4e6
2026-06-09 11:04:06 - Bean 'org.springframework.cloud.client.loadbalancer.LoadBalancerAutoConfiguration$DeferringLoadBalancerInterceptorConfig' of type [org.springframework.cloud.client.loadbalancer.LoadBalancerAutoConfiguration$DeferringLoadBalancerInterceptorConfig] is not eligible for getting processed by all BeanPostProcessors (for example: not eligible for auto-proxying). The currently created BeanPostProcessor [lbRestClientPostProcessor] is declared through a non-static factory method on that class; consider declaring it as static instead.
2026-06-09 11:04:06 - Bean 'deferringLoadBalancerInterceptor' of type [org.springframework.cloud.client.loadbalancer.DeferringLoadBalancerInterceptor] is not eligible for getting processed by all BeanPostProcessors (for example: not eligible for auto-proxying). Is this bean getting eagerly injected into a currently created BeanPostProcessor [lbRestClientPostProcessor]? Check the corresponding BeanPostProcessor declaration and its dependencies.
2026-06-09 11:04:06 - Bean 'org.springframework.cloud.client.loadbalancer.reactive.LoadBalancerBeanPostProcessorAutoConfiguration' of type [org.springframework.cloud.client.loadbalancer.reactive.LoadBalancerBeanPostProcessorAutoConfiguration] is not eligible for getting processed by all BeanPostProcessors (for example: not eligible for auto-proxying). The currently created BeanPostProcessor [loadBalancerWebClientBuilderBeanPostProcessor] is declared through a non-static factory method on that class; consider declaring it as static instead.
2026-06-09 11:04:06 - Bean 'org.springframework.cloud.client.loadbalancer.reactive.LoadBalancerBeanPostProcessorAutoConfiguration$ReactorDeferringLoadBalancerFilterConfig' of type [org.springframework.cloud.client.loadbalancer.reactive.LoadBalancerBeanPostProcessorAutoConfiguration$ReactorDeferringLoadBalancerFilterConfig] is not eligible for getting processed by all BeanPostProcessors (for example: not eligible for auto-proxying). Is this bean getting eagerly injected into a currently created BeanPostProcessor [loadBalancerWebClientBuilderBeanPostProcessor]? Check the corresponding BeanPostProcessor declaration and its dependencies.
2026-06-09 11:04:06 - Bean 'reactorDeferringLoadBalancerExchangeFilterFunction' of type [org.springframework.cloud.client.loadbalancer.reactive.DeferringLoadBalancerExchangeFilterFunction] is not eligible for getting processed by all BeanPostProcessors (for example: not eligible for auto-proxying). Is this bean getting eagerly injected into a currently created BeanPostProcessor [loadBalancerWebClientBuilderBeanPostProcessor]? Check the corresponding BeanPostProcessor declaration and its dependencies.
2026-06-09 11:04:07 - Exception encountered during context initialization - cancelling refresh attempt: org.springframework.beans.factory.UnsatisfiedDependencyException: Error creating bean with name 'nettyWriteResponseFilter' defined in class path resource [org/springframework/cloud/gateway/config/GatewayAutoConfiguration$NettyConfiguration.class]: Unsatisfied dependency expressed through method 'nettyWriteResponseFilter' parameter 0: Error creating bean with name 'gatewayProperties': Could not bind properties to 'GatewayProperties' : prefix=spring.cloud.gateway, ignoreInvalidFields=false, ignoreUnknownFields=true
2026-06-09 11:04:07 - 

Error starting ApplicationContext. To display the condition evaluation report re-run your application with 'debug' enabled.
2026-06-09 11:04:07 - 

***************************
APPLICATION FAILED TO START
***************************

Description:

Binding to target org.springframework.cloud.gateway.config.GatewayProperties failed:

    Property: spring.cloud.gateway.routes[0].uri
    Value: "null"
    Reason: no debe ser nulo


Action:

Update your application's configuration

2026-06-09 11:04:07 - Caught exception while allowing TestExecutionListener [org.springframework.test.context.support.DependencyInjectionTestExecutionListener] to prepare test instance [com.proyecto.gateway.GatewayApplicationTests@154b8cb6]
java.lang.IllegalStateException: Failed to load ApplicationContext for [ReactiveWebMergedContextConfiguration@7a36c83a testClass = com.proyecto.gateway.GatewayApplicationTests, locations = [], classes = [com.proyecto.gateway.GatewayApplication], contextInitializerClasses = [], activeProfiles = [], propertySourceDescriptors = [], propertySourceProperties = ["org.springframework.boot.test.context.SpringBootTestContextBootstrapper=true"], contextCustomizers = [org.springframework.boot.test.context.filter.ExcludeFilterContextCustomizer@5a45133e, org.springframework.boot.test.json.DuplicateJsonObjectContextCustomizerFactory$DuplicateJsonObjectContextCustomizer@130c12b7, org.springframework.boot.test.mock.mockito.MockitoContextCustomizer@0, org.springframework.boot.test.web.client.TestRestTemplateContextCustomizer@f09733f, org.springframework.boot.test.web.reactive.server.WebTestClientContextCustomizer@1ffaf86, org.springframework.boot.test.autoconfigure.actuate.observability.ObservabilityContextCustomizerFactory$DisableObservabilityContextCustomizer@1f, org.springframework.boot.test.autoconfigure.properties.PropertyMappingContextCustomizer@0, org.springframework.boot.test.autoconfigure.web.servlet.WebDriverContextCustomizer@7d0b7e3c, org.springframework.boot.test.context.SpringBootTestAnnotation@e1b6ef71], contextLoader = org.springframework.boot.test.context.SpringBootContextLoader, parent = null]
	at org.springframework.test.context.cache.DefaultCacheAwareContextLoaderDelegate.loadContext(DefaultCacheAwareContextLoaderDelegate.java:180)
	at org.springframework.test.context.support.DefaultTestContext.getApplicationContext(DefaultTestContext.java:130)
	at org.springframework.test.context.support.DependencyInjectionTestExecutionListener.injectDependencies(DependencyInjectionTestExecutionListener.java:142)
	at org.springframework.test.context.support.DependencyInjectionTestExecutionListener.prepareTestInstance(DependencyInjectionTestExecutionListener.java:98)
	at org.springframework.test.context.TestContextManager.prepareTestInstance(TestContextManager.java:260)
	at org.springframework.test.context.junit.jupiter.SpringExtension.postProcessTestInstance(SpringExtension.java:163)
	at org.junit.jupiter.engine.descriptor.ClassBasedTestDescriptor.lambda$invokeTestInstancePostProcessors$10(ClassBasedTestDescriptor.java:378)
	at org.junit.jupiter.engine.descriptor.ClassBasedTestDescriptor.executeAndMaskThrowable(ClassBasedTestDescriptor.java:383)
	at org.junit.jupiter.engine.descriptor.ClassBasedTestDescriptor.lambda$invokeTestInstancePostProcessors$11(ClassBasedTestDescriptor.java:378)
	at java.base/java.util.stream.ReferencePipeline$3$1.accept(Unknown Source)
	at java.base/java.util.stream.ReferencePipeline$2$1.accept(Unknown Source)
	at java.base/java.util.ArrayList$ArrayListSpliterator.forEachRemaining(Unknown Source)
	at java.base/java.util.stream.AbstractPipeline.copyInto(Unknown Source)
	at java.base/java.util.stream.AbstractPipeline.wrapAndCopyInto(Unknown Source)
	at java.base/java.util.stream.StreamSpliterators$WrappingSpliterator.forEachRemaining(Unknown Source)
	at java.base/java.util.stream.Streams$ConcatSpliterator.forEachRemaining(Unknown Source)
	at java.base/java.util.stream.Streams$ConcatSpliterator.forEachRemaining(Unknown Source)
	at java.base/java.util.stream.ReferencePipeline$Head.forEach(Unknown Source)
	at org.junit.jupiter.engine.descriptor.ClassBasedTestDescriptor.invokeTestInstancePostProcessors(ClassBasedTestDescriptor.java:377)
	at org.junit.jupiter.engine.descriptor.ClassBasedTestDescriptor.lambda$instantiateAndPostProcessTestInstance$6(ClassBasedTestDescriptor.java:290)
	at org.junit.platform.engine.support.hierarchical.ThrowableCollector.execute(ThrowableCollector.java:73)
	at org.junit.jupiter.engine.descriptor.ClassBasedTestDescriptor.instantiateAndPostProcessTestInstance(ClassBasedTestDescriptor.java:289)
	at org.junit.jupiter.engine.descriptor.ClassBasedTestDescriptor.lambda$testInstancesProvider$4(ClassBasedTestDescriptor.java:279)
	at java.base/java.util.Optional.orElseGet(Unknown Source)
	at org.junit.jupiter.engine.descriptor.ClassBasedTestDescriptor.lambda$testInstancesProvider$5(ClassBasedTestDescriptor.java:278)
	at org.junit.jupiter.engine.execution.TestInstancesProvider.getTestInstances(TestInstancesProvider.java:31)
	at org.junit.jupiter.engine.descriptor.TestMethodTestDescriptor.lambda$prepare$0(TestMethodTestDescriptor.java:106)
	at org.junit.platform.engine.support.hierarchical.ThrowableCollector.execute(ThrowableCollector.java:73)
	at org.junit.jupiter.engine.descriptor.TestMethodTestDescriptor.prepare(TestMethodTestDescriptor.java:105)
	at org.junit.jupiter.engine.descriptor.TestMethodTestDescriptor.prepare(TestMethodTestDescriptor.java:69)
	at org.junit.platform.engine.support.hierarchical.NodeTestTask.lambda$prepare$2(NodeTestTask.java:123)
	at org.junit.platform.engine.support.hierarchical.ThrowableCollector.execute(ThrowableCollector.java:73)
	at org.junit.platform.engine.support.hierarchical.NodeTestTask.prepare(NodeTestTask.java:123)
	at org.junit.platform.engine.support.hierarchical.NodeTestTask.execute(NodeTestTask.java:90)
	at java.base/java.util.ArrayList.forEach(Unknown Source)
	at org.junit.platform.engine.support.hierarchical.SameThreadHierarchicalTestExecutorService.invokeAll(SameThreadHierarchicalTestExecutorService.java:41)
	at org.junit.platform.engine.support.hierarchical.NodeTestTask.lambda$executeRecursively$6(NodeTestTask.java:155)
	at org.junit.platform.engine.support.hierarchical.ThrowableCollector.execute(ThrowableCollector.java:73)
	at org.junit.platform.engine.support.hierarchical.NodeTestTask.lambda$executeRecursively$8(NodeTestTask.java:141)
	at org.junit.platform.engine.support.hierarchical.Node.around(Node.java:137)
	at org.junit.platform.engine.support.hierarchical.NodeTestTask.lambda$executeRecursively$9(NodeTestTask.java:139)
	at org.junit.platform.engine.support.hierarchical.ThrowableCollector.execute(ThrowableCollector.java:73)
	at org.junit.platform.engine.support.hierarchical.NodeTestTask.executeRecursively(NodeTestTask.java:138)
	at org.junit.platform.engine.support.hierarchical.NodeTestTask.execute(NodeTestTask.java:95)
	at java.base/java.util.ArrayList.forEach(Unknown Source)
	at org.junit.platform.engine.support.hierarchical.SameThreadHierarchicalTestExecutorService.invokeAll(SameThreadHierarchicalTestExecutorService.java:41)
	at org.junit.platform.engine.support.hierarchical.NodeTestTask.lambda$executeRecursively$6(NodeTestTask.java:155)
	at org.junit.platform.engine.support.hierarchical.ThrowableCollector.execute(ThrowableCollector.java:73)
	at org.junit.platform.engine.support.hierarchical.NodeTestTask.lambda$executeRecursively$8(NodeTestTask.java:141)
	at org.junit.platform.engine.support.hierarchical.Node.around(Node.java:137)
	at org.junit.platform.engine.support.hierarchical.NodeTestTask.lambda$executeRecursively$9(NodeTestTask.java:139)
	at org.junit.platform.engine.support.hierarchical.ThrowableCollector.execute(ThrowableCollector.java:73)
	at org.junit.platform.engine.support.hierarchical.NodeTestTask.executeRecursively(NodeTestTask.java:138)
	at org.junit.platform.engine.support.hierarchical.NodeTestTask.execute(NodeTestTask.java:95)
	at org.junit.platform.engine.support.hierarchical.SameThreadHierarchicalTestExecutorService.submit(SameThreadHierarchicalTestExecutorService.java:35)
	at org.junit.platform.engine.support.hierarchical.HierarchicalTestExecutor.execute(HierarchicalTestExecutor.java:57)
	at org.junit.platform.engine.support.hierarchical.HierarchicalTestEngine.execute(HierarchicalTestEngine.java:54)
	at org.junit.platform.launcher.core.EngineExecutionOrchestrator.execute(EngineExecutionOrchestrator.java:198)
	at org.junit.platform.launcher.core.EngineExecutionOrchestrator.execute(EngineExecutionOrchestrator.java:169)
	at org.junit.platform.launcher.core.EngineExecutionOrchestrator.execute(EngineExecutionOrchestrator.java:93)
	at org.junit.platform.launcher.core.EngineExecutionOrchestrator.lambda$execute$0(EngineExecutionOrchestrator.java:58)
	at org.junit.platform.launcher.core.EngineExecutionOrchestrator.withInterceptedStreams(EngineExecutionOrchestrator.java:141)
	at org.junit.platform.launcher.core.EngineExecutionOrchestrator.execute(EngineExecutionOrchestrator.java:57)
	at org.junit.platform.launcher.core.DefaultLauncher.execute(DefaultLauncher.java:103)
	at org.junit.platform.launcher.core.DefaultLauncher.execute(DefaultLauncher.java:94)
	at org.junit.platform.launcher.core.DelegatingLauncher.execute(DelegatingLauncher.java:52)
	at org.junit.platform.launcher.core.SessionPerRequestLauncher.execute(SessionPerRequestLauncher.java:70)
	at org.eclipse.jdt.internal.junit5.runner.JUnit5TestReference.run(JUnit5TestReference.java:100)
	at org.eclipse.jdt.internal.junit.runner.TestExecution.run(TestExecution.java:40)
	at org.eclipse.jdt.internal.junit.runner.RemoteTestRunner.runTests(RemoteTestRunner.java:520)
	at org.eclipse.jdt.internal.junit.runner.RemoteTestRunner.runTests(RemoteTestRunner.java:748)
	at org.eclipse.jdt.internal.junit.runner.RemoteTestRunner.run(RemoteTestRunner.java:443)
	at org.eclipse.jdt.internal.junit.runner.RemoteTestRunner.main(RemoteTestRunner.java:211)
Caused by: org.springframework.beans.factory.UnsatisfiedDependencyException: Error creating bean with name 'nettyWriteResponseFilter' defined in class path resource [org/springframework/cloud/gateway/config/GatewayAutoConfiguration$NettyConfiguration.class]: Unsatisfied dependency expressed through method 'nettyWriteResponseFilter' parameter 0: Error creating bean with name 'gatewayProperties': Could not bind properties to 'GatewayProperties' : prefix=spring.cloud.gateway, ignoreInvalidFields=false, ignoreUnknownFields=true
	at org.springframework.beans.factory.support.ConstructorResolver.createArgumentArray(ConstructorResolver.java:795)
	at org.springframework.beans.factory.support.ConstructorResolver.instantiateUsingFactoryMethod(ConstructorResolver.java:542)
	at org.springframework.beans.factory.support.AbstractAutowireCapableBeanFactory.instantiateUsingFactoryMethod(AbstractAutowireCapableBeanFactory.java:1335)
	at org.springframework.beans.factory.support.AbstractAutowireCapableBeanFactory.createBeanInstance(AbstractAutowireCapableBeanFactory.java:1165)
	at org.springframework.beans.factory.support.AbstractAutowireCapableBeanFactory.doCreateBean(AbstractAutowireCapableBeanFactory.java:562)
	at org.springframework.beans.factory.support.AbstractAutowireCapableBeanFactory.createBean(AbstractAutowireCapableBeanFactory.java:522)
	at org.springframework.beans.factory.support.AbstractBeanFactory.lambda$doGetBean$0(AbstractBeanFactory.java:326)
	at org.springframework.beans.factory.support.DefaultSingletonBeanRegistry.getSingleton(DefaultSingletonBeanRegistry.java:234)
	at org.springframework.beans.factory.support.AbstractBeanFactory.doGetBean(AbstractBeanFactory.java:324)
	at org.springframework.beans.factory.support.AbstractBeanFactory.getBean(AbstractBeanFactory.java:200)
	at org.springframework.beans.factory.support.DefaultListableBeanFactory.preInstantiateSingletons(DefaultListableBeanFactory.java:975)
	at org.springframework.context.support.AbstractApplicationContext.finishBeanFactoryInitialization(AbstractApplicationContext.java:962)
	at org.springframework.context.support.AbstractApplicationContext.refresh(AbstractApplicationContext.java:624)
	at org.springframework.boot.SpringApplication.refresh(SpringApplication.java:754)
	at org.springframework.boot.SpringApplication.refreshContext(SpringApplication.java:456)
	at org.springframework.boot.SpringApplication.run(SpringApplication.java:334)
	at org.springframework.boot.test.context.SpringBootContextLoader.lambda$loadContext$3(SpringBootContextLoader.java:137)
	at org.springframework.util.function.ThrowingSupplier.get(ThrowingSupplier.java:58)
	at org.springframework.util.function.ThrowingSupplier.get(ThrowingSupplier.java:46)
	at org.springframework.boot.SpringApplication.withHook(SpringApplication.java:1454)
	at org.springframework.boot.test.context.SpringBootContextLoader$ContextLoaderHook.run(SpringBootContextLoader.java:553)
	at org.springframework.boot.test.context.SpringBootContextLoader.loadContext(SpringBootContextLoader.java:137)
	at org.springframework.boot.test.context.SpringBootContextLoader.loadContext(SpringBootContextLoader.java:108)
	at org.springframework.test.context.cache.DefaultCacheAwareContextLoaderDelegate.loadContextInternal(DefaultCacheAwareContextLoaderDelegate.java:225)
	at org.springframework.test.context.cache.DefaultCacheAwareContextLoaderDelegate.loadContext(DefaultCacheAwareContextLoaderDelegate.java:152)
	... 72 common frames omitted
Caused by: org.springframework.boot.context.properties.ConfigurationPropertiesBindException: Error creating bean with name 'gatewayProperties': Could not bind properties to 'GatewayProperties' : prefix=spring.cloud.gateway, ignoreInvalidFields=false, ignoreUnknownFields=true
	at org.springframework.boot.context.properties.ConfigurationPropertiesBindingPostProcessor.bind(ConfigurationPropertiesBindingPostProcessor.java:99)
	at org.springframework.boot.context.properties.ConfigurationPropertiesBindingPostProcessor.postProcessBeforeInitialization(ConfigurationPropertiesBindingPostProcessor.java:79)
	at org.springframework.beans.factory.support.AbstractAutowireCapableBeanFactory.applyBeanPostProcessorsBeforeInitialization(AbstractAutowireCapableBeanFactory.java:422)
	at org.springframework.beans.factory.support.AbstractAutowireCapableBeanFactory.initializeBean(AbstractAutowireCapableBeanFactory.java:1778)
	at org.springframework.beans.factory.support.AbstractAutowireCapableBeanFactory.doCreateBean(AbstractAutowireCapableBeanFactory.java:600)
	at org.springframework.beans.factory.support.AbstractAutowireCapableBeanFactory.createBean(AbstractAutowireCapableBeanFactory.java:522)
	at org.springframework.beans.factory.support.AbstractBeanFactory.lambda$doGetBean$0(AbstractBeanFactory.java:326)
	at org.springframework.beans.factory.support.DefaultSingletonBeanRegistry.getSingleton(DefaultSingletonBeanRegistry.java:234)
	at org.springframework.beans.factory.support.AbstractBeanFactory.doGetBean(AbstractBeanFactory.java:324)
	at org.springframework.beans.factory.support.AbstractBeanFactory.getBean(AbstractBeanFactory.java:200)
	at org.springframework.beans.factory.config.DependencyDescriptor.resolveCandidate(DependencyDescriptor.java:254)
	at org.springframework.beans.factory.support.DefaultListableBeanFactory.doResolveDependency(DefaultListableBeanFactory.java:1443)
	at org.springframework.beans.factory.support.DefaultListableBeanFactory.resolveDependency(DefaultListableBeanFactory.java:1353)
	at org.springframework.beans.factory.support.ConstructorResolver.resolveAutowiredArgument(ConstructorResolver.java:904)
	at org.springframework.beans.factory.support.ConstructorResolver.createArgumentArray(ConstructorResolver.java:782)
	... 96 common frames omitted
Caused by: org.springframework.boot.context.properties.bind.BindException: Failed to bind properties under 'spring.cloud.gateway' to org.springframework.cloud.gateway.config.GatewayProperties
	at org.springframework.boot.context.properties.bind.Binder.handleBindError(Binder.java:391)
	at org.springframework.boot.context.properties.bind.Binder.bind(Binder.java:354)
	at org.springframework.boot.context.properties.bind.Binder.bind(Binder.java:339)
	at org.springframework.boot.context.properties.bind.Binder.bind(Binder.java:269)
	at org.springframework.boot.context.properties.bind.Binder.bind(Binder.java:256)
	at org.springframework.boot.context.properties.ConfigurationPropertiesBinder.bind(ConfigurationPropertiesBinder.java:94)
	at org.springframework.boot.context.properties.ConfigurationPropertiesBindingPostProcessor.bind(ConfigurationPropertiesBindingPostProcessor.java:96)
	... 110 common frames omitted
Caused by: org.springframework.boot.context.properties.bind.validation.BindValidationException: Binding validation errors on spring.cloud.gateway.routes[0]
   - Field error in object 'spring.cloud.gateway.routes[0]' on field 'uri': rejected value [null]; codes [NotNull.spring.cloud.gateway.routes[0].uri,NotNull.uri,NotNull.java.net.URI,NotNull]; arguments [org.springframework.context.support.DefaultMessageSourceResolvable: codes [spring.cloud.gateway.routes[0].uri,uri]; arguments []; default message [uri]]; default message [no debe ser nulo]
	at org.springframework.boot.context.properties.bind.validation.ValidationBindHandler.validateAndPush(ValidationBindHandler.java:141)
	at org.springframework.boot.context.properties.bind.validation.ValidationBindHandler.validate(ValidationBindHandler.java:114)
	at org.springframework.boot.context.properties.bind.validation.ValidationBindHandler.onFinish(ValidationBindHandler.java:105)
	at org.springframework.boot.context.properties.bind.AbstractBindHandler.onFinish(AbstractBindHandler.java:68)
	at org.springframework.boot.context.properties.bind.Binder.handleBindResult(Binder.java:377)
	at org.springframework.boot.context.properties.bind.Binder.bind(Binder.java:351)
	at org.springframework.boot.context.properties.bind.Binder.lambda$bindAggregate$2(Binder.java:439)
	at org.springframework.boot.context.properties.bind.Binder$Context.withSource(Binder.java:573)
	at org.springframework.boot.context.properties.bind.Binder.lambda$bindAggregate$3(Binder.java:440)
	at org.springframework.boot.context.properties.bind.IndexedElementsBinder.bindIndexed(IndexedElementsBinder.java:106)
	at org.springframework.boot.context.properties.bind.IndexedElementsBinder.bindIndexed(IndexedElementsBinder.java:86)
	at org.springframework.boot.context.properties.bind.IndexedElementsBinder.bindIndexed(IndexedElementsBinder.java:70)
	at org.springframework.boot.context.properties.bind.CollectionBinder.bindAggregate(CollectionBinder.java:48)
	at org.springframework.boot.context.properties.bind.AggregateBinder.bind(AggregateBinder.java:56)
	at org.springframework.boot.context.properties.bind.Binder.lambda$bindAggregate$4(Binder.java:442)
	at org.springframework.boot.context.properties.bind.Binder$Context.withIncreasedDepth(Binder.java:597)
	at org.springframework.boot.context.properties.bind.Binder.bindAggregate(Binder.java:442)
	at org.springframework.boot.context.properties.bind.Binder.bindObject(Binder.java:403)
	at org.springframework.boot.context.properties.bind.Binder.bind(Binder.java:350)
	at org.springframework.boot.context.properties.bind.Binder.lambda$bindDataObject$5(Binder.java:477)
	at org.springframework.boot.context.properties.bind.JavaBeanBinder.bind(JavaBeanBinder.java:99)
	at org.springframework.boot.context.properties.bind.JavaBeanBinder.bind(JavaBeanBinder.java:87)
	at org.springframework.boot.context.properties.bind.JavaBeanBinder.bind(JavaBeanBinder.java:63)
	at org.springframework.boot.context.properties.bind.Binder.lambda$bindDataObject$6(Binder.java:480)
	at java.base/java.util.stream.ReferencePipeline$3$1.accept(Unknown Source)
	at java.base/java.util.AbstractList$RandomAccessSpliterator.tryAdvance(Unknown Source)
	at java.base/java.util.stream.ReferencePipeline.forEachWithCancel(Unknown Source)
	at java.base/java.util.stream.AbstractPipeline.copyIntoWithCancel(Unknown Source)
	at java.base/java.util.stream.AbstractPipeline.copyInto(Unknown Source)
	at java.base/java.util.stream.AbstractPipeline.wrapAndCopyInto(Unknown Source)
	at java.base/java.util.stream.FindOps$FindOp.evaluateSequential(Unknown Source)
	at java.base/java.util.stream.AbstractPipeline.evaluate(Unknown Source)
	at java.base/java.util.stream.ReferencePipeline.findFirst(Unknown Source)
	at org.springframework.boot.context.properties.bind.Binder.fromDataObjectBinders(Binder.java:488)
	at org.springframework.boot.context.properties.bind.Binder.lambda$bindDataObject$7(Binder.java:479)
	at org.springframework.boot.context.properties.bind.Binder$Context.withIncreasedDepth(Binder.java:597)
	at org.springframework.boot.context.properties.bind.Binder$Context.withDataObject(Binder.java:583)
	at org.springframework.boot.context.properties.bind.Binder.bindDataObject(Binder.java:479)
	at org.springframework.boot.context.properties.bind.Binder.bindObject(Binder.java:418)
	at org.springframework.boot.context.properties.bind.Binder.bind(Binder.java:350)
	... 115 common frames omitted
2026-06-09 11:20:28 - Starting GatewayApplication using Java 21.0.10 with PID 23144 (C:\Users\sj-alumno\Desktop\Nueva carpeta\Proyecto_full_stack_00\gateway\target\classes started by SJ-Alumno in C:\Users\sj-alumno\Desktop\Nueva carpeta\Proyecto_full_stack_00\gateway)
2026-06-09 11:20:28 - No active profile set, falling back to 1 default profile: "default"
2026-06-09 11:20:29 - BeanFactory id=c9fcc6e1-3a52-31e7-927d-de25d3557a7d
2026-06-09 11:20:29 - Bean 'org.springframework.cloud.client.loadbalancer.LoadBalancerAutoConfiguration$DeferringLoadBalancerInterceptorConfig' of type [org.springframework.cloud.client.loadbalancer.LoadBalancerAutoConfiguration$DeferringLoadBalancerInterceptorConfig] is not eligible for getting processed by all BeanPostProcessors (for example: not eligible for auto-proxying). The currently created BeanPostProcessor [lbRestClientPostProcessor] is declared through a non-static factory method on that class; consider declaring it as static instead.
2026-06-09 11:20:29 - Bean 'deferringLoadBalancerInterceptor' of type [org.springframework.cloud.client.loadbalancer.DeferringLoadBalancerInterceptor] is not eligible for getting processed by all BeanPostProcessors (for example: not eligible for auto-proxying). Is this bean getting eagerly injected into a currently created BeanPostProcessor [lbRestClientPostProcessor]? Check the corresponding BeanPostProcessor declaration and its dependencies.
2026-06-09 11:20:29 - Bean 'org.springframework.cloud.client.loadbalancer.reactive.LoadBalancerBeanPostProcessorAutoConfiguration' of type [org.springframework.cloud.client.loadbalancer.reactive.LoadBalancerBeanPostProcessorAutoConfiguration] is not eligible for getting processed by all BeanPostProcessors (for example: not eligible for auto-proxying). The currently created BeanPostProcessor [loadBalancerWebClientBuilderBeanPostProcessor] is declared through a non-static factory method on that class; consider declaring it as static instead.
2026-06-09 11:20:29 - Bean 'org.springframework.cloud.client.loadbalancer.reactive.LoadBalancerBeanPostProcessorAutoConfiguration$ReactorDeferringLoadBalancerFilterConfig' of type [org.springframework.cloud.client.loadbalancer.reactive.LoadBalancerBeanPostProcessorAutoConfiguration$ReactorDeferringLoadBalancerFilterConfig] is not eligible for getting processed by all BeanPostProcessors (for example: not eligible for auto-proxying). Is this bean getting eagerly injected into a currently created BeanPostProcessor [loadBalancerWebClientBuilderBeanPostProcessor]? Check the corresponding BeanPostProcessor declaration and its dependencies.
2026-06-09 11:20:29 - Bean 'reactorDeferringLoadBalancerExchangeFilterFunction' of type [org.springframework.cloud.client.loadbalancer.reactive.DeferringLoadBalancerExchangeFilterFunction] is not eligible for getting processed by all BeanPostProcessors (for example: not eligible for auto-proxying). Is this bean getting eagerly injected into a currently created BeanPostProcessor [loadBalancerWebClientBuilderBeanPostProcessor]? Check the corresponding BeanPostProcessor declaration and its dependencies.
2026-06-09 11:20:29 - Exception encountered during context initialization - cancelling refresh attempt: org.springframework.beans.factory.UnsatisfiedDependencyException: Error creating bean with name 'nettyWriteResponseFilter' defined in class path resource [org/springframework/cloud/gateway/config/GatewayAutoConfiguration$NettyConfiguration.class]: Unsatisfied dependency expressed through method 'nettyWriteResponseFilter' parameter 0: Error creating bean with name 'gatewayProperties': Could not bind properties to 'GatewayProperties' : prefix=spring.cloud.gateway, ignoreInvalidFields=false, ignoreUnknownFields=true
2026-06-09 11:20:29 - 

Error starting ApplicationContext. To display the condition evaluation report re-run your application with 'debug' enabled.
2026-06-09 11:20:29 - 

***************************
APPLICATION FAILED TO START
***************************

Description:

Binding to target org.springframework.cloud.gateway.config.GatewayProperties failed:

    Property: spring.cloud.gateway.routes[0].uri
    Value: "null"
    Reason: no debe ser nulo


Action:

Update your application's configuration

2026-06-09 11:28:42 - Starting GatewayApplication using Java 21.0.10 with PID 26632 (C:\Users\sj-alumno\Desktop\Nueva carpeta\Proyecto_full_stack_00\gateway\target\classes started by SJ-Alumno in C:\Users\sj-alumno\Desktop\Nueva carpeta\Proyecto_full_stack_00\gateway)
2026-06-09 11:28:42 - No active profile set, falling back to 1 default profile: "default"
2026-06-09 11:28:43 - BeanFactory id=c9fcc6e1-3a52-31e7-927d-de25d3557a7d
2026-06-09 11:28:43 - Bean 'org.springframework.cloud.client.loadbalancer.LoadBalancerAutoConfiguration$DeferringLoadBalancerInterceptorConfig' of type [org.springframework.cloud.client.loadbalancer.LoadBalancerAutoConfiguration$DeferringLoadBalancerInterceptorConfig] is not eligible for getting processed by all BeanPostProcessors (for example: not eligible for auto-proxying). The currently created BeanPostProcessor [lbRestClientPostProcessor] is declared through a non-static factory method on that class; consider declaring it as static instead.
2026-06-09 11:28:43 - Bean 'deferringLoadBalancerInterceptor' of type [org.springframework.cloud.client.loadbalancer.DeferringLoadBalancerInterceptor] is not eligible for getting processed by all BeanPostProcessors (for example: not eligible for auto-proxying). Is this bean getting eagerly injected into a currently created BeanPostProcessor [lbRestClientPostProcessor]? Check the corresponding BeanPostProcessor declaration and its dependencies.
2026-06-09 11:28:43 - Bean 'org.springframework.cloud.client.loadbalancer.reactive.LoadBalancerBeanPostProcessorAutoConfiguration' of type [org.springframework.cloud.client.loadbalancer.reactive.LoadBalancerBeanPostProcessorAutoConfiguration] is not eligible for getting processed by all BeanPostProcessors (for example: not eligible for auto-proxying). The currently created BeanPostProcessor [loadBalancerWebClientBuilderBeanPostProcessor] is declared through a non-static factory method on that class; consider declaring it as static instead.
2026-06-09 11:28:43 - Bean 'org.springframework.cloud.client.loadbalancer.reactive.LoadBalancerBeanPostProcessorAutoConfiguration$ReactorDeferringLoadBalancerFilterConfig' of type [org.springframework.cloud.client.loadbalancer.reactive.LoadBalancerBeanPostProcessorAutoConfiguration$ReactorDeferringLoadBalancerFilterConfig] is not eligible for getting processed by all BeanPostProcessors (for example: not eligible for auto-proxying). Is this bean getting eagerly injected into a currently created BeanPostProcessor [loadBalancerWebClientBuilderBeanPostProcessor]? Check the corresponding BeanPostProcessor declaration and its dependencies.
2026-06-09 11:28:43 - Bean 'reactorDeferringLoadBalancerExchangeFilterFunction' of type [org.springframework.cloud.client.loadbalancer.reactive.DeferringLoadBalancerExchangeFilterFunction] is not eligible for getting processed by all BeanPostProcessors (for example: not eligible for auto-proxying). Is this bean getting eagerly injected into a currently created BeanPostProcessor [loadBalancerWebClientBuilderBeanPostProcessor]? Check the corresponding BeanPostProcessor declaration and its dependencies.
2026-06-09 11:28:44 - Exception encountered during context initialization - cancelling refresh attempt: org.springframework.beans.factory.UnsatisfiedDependencyException: Error creating bean with name 'nettyWriteResponseFilter' defined in class path resource [org/springframework/cloud/gateway/config/GatewayAutoConfiguration$NettyConfiguration.class]: Unsatisfied dependency expressed through method 'nettyWriteResponseFilter' parameter 0: Error creating bean with name 'gatewayProperties': Could not bind properties to 'GatewayProperties' : prefix=spring.cloud.gateway, ignoreInvalidFields=false, ignoreUnknownFields=true
2026-06-09 11:28:44 - 

Error starting ApplicationContext. To display the condition evaluation report re-run your application with 'debug' enabled.
2026-06-09 11:28:44 - 

***************************
APPLICATION FAILED TO START
***************************

Description:

Binding to target org.springframework.cloud.gateway.config.GatewayProperties failed:

    Property: spring.cloud.gateway.routes[0].uri
    Value: "null"
    Reason: no debe ser nulo


Action:

Update your application's configuration

2026-06-11 12:39:21 - Starting GatewayApplication using Java 21.0.10 with PID 23904 (C:\Users\sj-alumno\Desktop\b\Proyecto_full_stack_00\gateway\target\classes started by SJ-Alumno in C:\Users\sj-alumno\Desktop\b\Proyecto_full_stack_00\gateway)
2026-06-11 12:39:21 - No active profile set, falling back to 1 default profile: "default"
2026-06-11 12:39:21 - BeanFactory id=c9fcc6e1-3a52-31e7-927d-de25d3557a7d
2026-06-11 12:39:21 - Bean 'org.springframework.cloud.client.loadbalancer.LoadBalancerAutoConfiguration$DeferringLoadBalancerInterceptorConfig' of type [org.springframework.cloud.client.loadbalancer.LoadBalancerAutoConfiguration$DeferringLoadBalancerInterceptorConfig] is not eligible for getting processed by all BeanPostProcessors (for example: not eligible for auto-proxying). The currently created BeanPostProcessor [lbRestClientPostProcessor] is declared through a non-static factory method on that class; consider declaring it as static instead.
2026-06-11 12:39:21 - Bean 'deferringLoadBalancerInterceptor' of type [org.springframework.cloud.client.loadbalancer.DeferringLoadBalancerInterceptor] is not eligible for getting processed by all BeanPostProcessors (for example: not eligible for auto-proxying). Is this bean getting eagerly injected into a currently created BeanPostProcessor [lbRestClientPostProcessor]? Check the corresponding BeanPostProcessor declaration and its dependencies.
2026-06-11 12:39:21 - Bean 'org.springframework.cloud.client.loadbalancer.reactive.LoadBalancerBeanPostProcessorAutoConfiguration' of type [org.springframework.cloud.client.loadbalancer.reactive.LoadBalancerBeanPostProcessorAutoConfiguration] is not eligible for getting processed by all BeanPostProcessors (for example: not eligible for auto-proxying). The currently created BeanPostProcessor [loadBalancerWebClientBuilderBeanPostProcessor] is declared through a non-static factory method on that class; consider declaring it as static instead.
2026-06-11 12:39:21 - Bean 'org.springframework.cloud.client.loadbalancer.reactive.LoadBalancerBeanPostProcessorAutoConfiguration$ReactorDeferringLoadBalancerFilterConfig' of type [org.springframework.cloud.client.loadbalancer.reactive.LoadBalancerBeanPostProcessorAutoConfiguration$ReactorDeferringLoadBalancerFilterConfig] is not eligible for getting processed by all BeanPostProcessors (for example: not eligible for auto-proxying). Is this bean getting eagerly injected into a currently created BeanPostProcessor [loadBalancerWebClientBuilderBeanPostProcessor]? Check the corresponding BeanPostProcessor declaration and its dependencies.
2026-06-11 12:39:21 - Bean 'reactorDeferringLoadBalancerExchangeFilterFunction' of type [org.springframework.cloud.client.loadbalancer.reactive.DeferringLoadBalancerExchangeFilterFunction] is not eligible for getting processed by all BeanPostProcessors (for example: not eligible for auto-proxying). Is this bean getting eagerly injected into a currently created BeanPostProcessor [loadBalancerWebClientBuilderBeanPostProcessor]? Check the corresponding BeanPostProcessor declaration and its dependencies.
2026-06-11 12:39:22 - Exception encountered during context initialization - cancelling refresh attempt: org.springframework.beans.factory.UnsatisfiedDependencyException: Error creating bean with name 'nettyWriteResponseFilter' defined in class path resource [org/springframework/cloud/gateway/config/GatewayAutoConfiguration$NettyConfiguration.class]: Unsatisfied dependency expressed through method 'nettyWriteResponseFilter' parameter 0: Error creating bean with name 'gatewayProperties': Could not bind properties to 'GatewayProperties' : prefix=spring.cloud.gateway, ignoreInvalidFields=false, ignoreUnknownFields=true
2026-06-11 12:39:22 - 

Error starting ApplicationContext. To display the condition evaluation report re-run your application with 'debug' enabled.
2026-06-11 12:39:22 - 

***************************
APPLICATION FAILED TO START
***************************

Description:

Binding to target org.springframework.cloud.gateway.config.GatewayProperties failed:

    Property: spring.cloud.gateway.routes[0].uri
    Value: "null"
    Reason: no debe ser nulo


Action:

Update your application's configuration

2026-06-11 12:49:34 - Starting GatewayApplication using Java 21.0.10 with PID 12612 (C:\Users\sj-alumno\Desktop\b\Proyecto_full_stack_00\gateway\target\classes started by SJ-Alumno in C:\Users\sj-alumno\Desktop\b\Proyecto_full_stack_00\gateway)
2026-06-11 12:49:34 - No active profile set, falling back to 1 default profile: "default"
2026-06-11 12:49:35 - BeanFactory id=c9fcc6e1-3a52-31e7-927d-de25d3557a7d
2026-06-11 12:49:35 - Bean 'org.springframework.cloud.client.loadbalancer.LoadBalancerAutoConfiguration$DeferringLoadBalancerInterceptorConfig' of type [org.springframework.cloud.client.loadbalancer.LoadBalancerAutoConfiguration$DeferringLoadBalancerInterceptorConfig] is not eligible for getting processed by all BeanPostProcessors (for example: not eligible for auto-proxying). The currently created BeanPostProcessor [lbRestClientPostProcessor] is declared through a non-static factory method on that class; consider declaring it as static instead.
2026-06-11 12:49:35 - Bean 'deferringLoadBalancerInterceptor' of type [org.springframework.cloud.client.loadbalancer.DeferringLoadBalancerInterceptor] is not eligible for getting processed by all BeanPostProcessors (for example: not eligible for auto-proxying). Is this bean getting eagerly injected into a currently created BeanPostProcessor [lbRestClientPostProcessor]? Check the corresponding BeanPostProcessor declaration and its dependencies.
2026-06-11 12:49:35 - Bean 'org.springframework.cloud.client.loadbalancer.reactive.LoadBalancerBeanPostProcessorAutoConfiguration' of type [org.springframework.cloud.client.loadbalancer.reactive.LoadBalancerBeanPostProcessorAutoConfiguration] is not eligible for getting processed by all BeanPostProcessors (for example: not eligible for auto-proxying). The currently created BeanPostProcessor [loadBalancerWebClientBuilderBeanPostProcessor] is declared through a non-static factory method on that class; consider declaring it as static instead.
2026-06-11 12:49:35 - Bean 'org.springframework.cloud.client.loadbalancer.reactive.LoadBalancerBeanPostProcessorAutoConfiguration$ReactorDeferringLoadBalancerFilterConfig' of type [org.springframework.cloud.client.loadbalancer.reactive.LoadBalancerBeanPostProcessorAutoConfiguration$ReactorDeferringLoadBalancerFilterConfig] is not eligible for getting processed by all BeanPostProcessors (for example: not eligible for auto-proxying). Is this bean getting eagerly injected into a currently created BeanPostProcessor [loadBalancerWebClientBuilderBeanPostProcessor]? Check the corresponding BeanPostProcessor declaration and its dependencies.
2026-06-11 12:49:35 - Bean 'reactorDeferringLoadBalancerExchangeFilterFunction' of type [org.springframework.cloud.client.loadbalancer.reactive.DeferringLoadBalancerExchangeFilterFunction] is not eligible for getting processed by all BeanPostProcessors (for example: not eligible for auto-proxying). Is this bean getting eagerly injected into a currently created BeanPostProcessor [loadBalancerWebClientBuilderBeanPostProcessor]? Check the corresponding BeanPostProcessor declaration and its dependencies.
2026-06-11 12:49:35 - Loaded RoutePredicateFactory [After]
2026-06-11 12:49:35 - Loaded RoutePredicateFactory [Before]
2026-06-11 12:49:35 - Loaded RoutePredicateFactory [Between]
2026-06-11 12:49:35 - Loaded RoutePredicateFactory [Cookie]
2026-06-11 12:49:35 - Loaded RoutePredicateFactory [Header]
2026-06-11 12:49:35 - Loaded RoutePredicateFactory [Host]
2026-06-11 12:49:35 - Loaded RoutePredicateFactory [Method]
2026-06-11 12:49:35 - Loaded RoutePredicateFactory [Path]
2026-06-11 12:49:35 - Loaded RoutePredicateFactory [Query]
2026-06-11 12:49:35 - Loaded RoutePredicateFactory [ReadBody]
2026-06-11 12:49:35 - Loaded RoutePredicateFactory [RemoteAddr]
2026-06-11 12:49:35 - Loaded RoutePredicateFactory [XForwardedRemoteAddr]
2026-06-11 12:49:35 - Loaded RoutePredicateFactory [Weight]
2026-06-11 12:49:35 - Loaded RoutePredicateFactory [CloudFoundryRouteService]
2026-06-11 12:49:36 - Eureka HTTP Client uses RestTemplate.
2026-06-11 12:49:36 - Spring Cloud LoadBalancer is currently working with the default cache. While this cache implementation is useful for development and tests, it's recommended to use Caffeine cache in production.You can switch to using Caffeine cache, by adding it and org.springframework.cache.caffeine.CaffeineCacheManager to the classpath.
2026-06-11 12:49:36 - Setting initial instance status as: STARTING
2026-06-11 12:49:36 - Initializing Eureka in region us-east-1
2026-06-11 12:49:36 - Resolving eureka endpoints via configuration
2026-06-11 12:49:36 - Disable delta property : false
2026-06-11 12:49:36 - Single vip registry refresh property : null
2026-06-11 12:49:36 - Force full registry fetch : false
2026-06-11 12:49:36 - Application is null : false
2026-06-11 12:49:36 - Registered Applications size is zero : true
2026-06-11 12:49:36 - Application version is -1: true
2026-06-11 12:49:36 - Getting all instance registry info from the eureka server
2026-06-11 12:49:36 - The response status is 200
2026-06-11 12:49:36 - Starting heartbeat executor: renew interval is: 30
2026-06-11 12:49:36 - InstanceInfoReplicator onDemand update allowed rate per min is 4
2026-06-11 12:49:36 - Discovery Client initialized at timestamp 1781196576741 with initial instances count: 1
2026-06-11 12:49:36 - Registering application GATEWAY with eureka with status UP
2026-06-11 12:49:36 - Saw local status change event StatusChangeEvent [timestamp=1781196576745, current=UP, previous=STARTING]
2026-06-11 12:49:36 - DiscoveryClient_GATEWAY/SJAPCS03LC0707.duoc.acad:gateway:9999: registering service...
2026-06-11 12:49:36 - DiscoveryClient_GATEWAY/SJAPCS03LC0707.duoc.acad:gateway:9999 - registration status: 204
2026-06-11 12:49:36 - Netty started on port 9999
2026-06-11 12:49:36 - Updating port to 9999
2026-06-11 12:49:36 - Started GatewayApplication in 2.738 seconds (process running for 3.244)
2026-06-11 12:52:35 - Starting GatewayApplication using Java 21.0.10 with PID 25024 (C:\Users\sj-alumno\Desktop\b\Proyecto_full_stack_00\gateway\target\classes started by SJ-Alumno in C:\Users\sj-alumno\Desktop\b\Proyecto_full_stack_00\gateway)
2026-06-11 12:52:35 - No active profile set, falling back to 1 default profile: "default"
2026-06-11 12:52:35 - BeanFactory id=c9fcc6e1-3a52-31e7-927d-de25d3557a7d
2026-06-11 12:52:35 - Bean 'org.springframework.cloud.client.loadbalancer.LoadBalancerAutoConfiguration$DeferringLoadBalancerInterceptorConfig' of type [org.springframework.cloud.client.loadbalancer.LoadBalancerAutoConfiguration$DeferringLoadBalancerInterceptorConfig] is not eligible for getting processed by all BeanPostProcessors (for example: not eligible for auto-proxying). The currently created BeanPostProcessor [lbRestClientPostProcessor] is declared through a non-static factory method on that class; consider declaring it as static instead.
2026-06-11 12:52:35 - Bean 'deferringLoadBalancerInterceptor' of type [org.springframework.cloud.client.loadbalancer.DeferringLoadBalancerInterceptor] is not eligible for getting processed by all BeanPostProcessors (for example: not eligible for auto-proxying). Is this bean getting eagerly injected into a currently created BeanPostProcessor [lbRestClientPostProcessor]? Check the corresponding BeanPostProcessor declaration and its dependencies.
2026-06-11 12:52:35 - Bean 'org.springframework.cloud.client.loadbalancer.reactive.LoadBalancerBeanPostProcessorAutoConfiguration' of type [org.springframework.cloud.client.loadbalancer.reactive.LoadBalancerBeanPostProcessorAutoConfiguration] is not eligible for getting processed by all BeanPostProcessors (for example: not eligible for auto-proxying). The currently created BeanPostProcessor [loadBalancerWebClientBuilderBeanPostProcessor] is declared through a non-static factory method on that class; consider declaring it as static instead.
2026-06-11 12:52:35 - Bean 'org.springframework.cloud.client.loadbalancer.reactive.LoadBalancerBeanPostProcessorAutoConfiguration$ReactorDeferringLoadBalancerFilterConfig' of type [org.springframework.cloud.client.loadbalancer.reactive.LoadBalancerBeanPostProcessorAutoConfiguration$ReactorDeferringLoadBalancerFilterConfig] is not eligible for getting processed by all BeanPostProcessors (for example: not eligible for auto-proxying). Is this bean getting eagerly injected into a currently created BeanPostProcessor [loadBalancerWebClientBuilderBeanPostProcessor]? Check the corresponding BeanPostProcessor declaration and its dependencies.
2026-06-11 12:52:35 - Bean 'reactorDeferringLoadBalancerExchangeFilterFunction' of type [org.springframework.cloud.client.loadbalancer.reactive.DeferringLoadBalancerExchangeFilterFunction] is not eligible for getting processed by all BeanPostProcessors (for example: not eligible for auto-proxying). Is this bean getting eagerly injected into a currently created BeanPostProcessor [loadBalancerWebClientBuilderBeanPostProcessor]? Check the corresponding BeanPostProcessor declaration and its dependencies.
2026-06-11 12:52:36 - Loaded RoutePredicateFactory [After]
2026-06-11 12:52:36 - Loaded RoutePredicateFactory [Before]
2026-06-11 12:52:36 - Loaded RoutePredicateFactory [Between]
2026-06-11 12:52:36 - Loaded RoutePredicateFactory [Cookie]
2026-06-11 12:52:36 - Loaded RoutePredicateFactory [Header]
2026-06-11 12:52:36 - Loaded RoutePredicateFactory [Host]
2026-06-11 12:52:36 - Loaded RoutePredicateFactory [Method]
2026-06-11 12:52:36 - Loaded RoutePredicateFactory [Path]
2026-06-11 12:52:36 - Loaded RoutePredicateFactory [Query]
2026-06-11 12:52:36 - Loaded RoutePredicateFactory [ReadBody]
2026-06-11 12:52:36 - Loaded RoutePredicateFactory [RemoteAddr]
2026-06-11 12:52:36 - Loaded RoutePredicateFactory [XForwardedRemoteAddr]
2026-06-11 12:52:36 - Loaded RoutePredicateFactory [Weight]
2026-06-11 12:52:36 - Loaded RoutePredicateFactory [CloudFoundryRouteService]
2026-06-11 12:52:36 - Eureka HTTP Client uses RestTemplate.
2026-06-11 12:52:36 - Spring Cloud LoadBalancer is currently working with the default cache. While this cache implementation is useful for development and tests, it's recommended to use Caffeine cache in production.You can switch to using Caffeine cache, by adding it and org.springframework.cache.caffeine.CaffeineCacheManager to the classpath.
2026-06-11 12:52:36 - Setting initial instance status as: STARTING
2026-06-11 12:52:36 - Initializing Eureka in region us-east-1
2026-06-11 12:52:37 - Resolving eureka endpoints via configuration
2026-06-11 12:52:37 - Disable delta property : false
2026-06-11 12:52:37 - Single vip registry refresh property : null
2026-06-11 12:52:37 - Force full registry fetch : false
2026-06-11 12:52:37 - Application is null : false
2026-06-11 12:52:37 - Registered Applications size is zero : true
2026-06-11 12:52:37 - Application version is -1: true
2026-06-11 12:52:37 - Getting all instance registry info from the eureka server
2026-06-11 12:52:37 - The response status is 200
2026-06-11 12:52:37 - Starting heartbeat executor: renew interval is: 30
2026-06-11 12:52:37 - InstanceInfoReplicator onDemand update allowed rate per min is 4
2026-06-11 12:52:37 - Discovery Client initialized at timestamp 1781196757311 with initial instances count: 0
2026-06-11 12:52:37 - Registering application GATEWAY with eureka with status UP
2026-06-11 12:52:37 - Saw local status change event StatusChangeEvent [timestamp=1781196757314, current=UP, previous=STARTING]
2026-06-11 12:52:37 - DiscoveryClient_GATEWAY/SJAPCS03LC0707.duoc.acad:gateway:9999: registering service...
2026-06-11 12:52:37 - DiscoveryClient_GATEWAY/SJAPCS03LC0707.duoc.acad:gateway:9999 - registration status: 204
2026-06-11 12:52:37 - Netty started on port 9999
2026-06-11 12:52:37 - Updating port to 9999
2026-06-11 12:52:37 - Started GatewayApplication in 2.662 seconds (process running for 3.164)
2026-06-11 12:53:07 - Disable delta property : false
2026-06-11 12:53:07 - Single vip registry refresh property : null
2026-06-11 12:53:07 - Force full registry fetch : false
2026-06-11 12:53:07 - Application is null : false
2026-06-11 12:53:07 - Registered Applications size is zero : true
2026-06-11 12:53:07 - Application version is -1: false
2026-06-11 12:53:07 - Getting all instance registry info from the eureka server
2026-06-11 12:53:07 - The response status is 200
2026-06-11 12:56:04 - Starting GatewayApplication using Java 21.0.10 with PID 3192 (C:\Users\sj-alumno\Desktop\b\Proyecto_full_stack_00\gateway\target\classes started by SJ-Alumno in C:\Users\sj-alumno\Desktop\b\Proyecto_full_stack_00\gateway)
2026-06-11 12:56:04 - No active profile set, falling back to 1 default profile: "default"
2026-06-11 12:56:05 - BeanFactory id=c9fcc6e1-3a52-31e7-927d-de25d3557a7d
2026-06-11 12:56:05 - Bean 'org.springframework.cloud.client.loadbalancer.LoadBalancerAutoConfiguration$DeferringLoadBalancerInterceptorConfig' of type [org.springframework.cloud.client.loadbalancer.LoadBalancerAutoConfiguration$DeferringLoadBalancerInterceptorConfig] is not eligible for getting processed by all BeanPostProcessors (for example: not eligible for auto-proxying). The currently created BeanPostProcessor [lbRestClientPostProcessor] is declared through a non-static factory method on that class; consider declaring it as static instead.
2026-06-11 12:56:05 - Bean 'deferringLoadBalancerInterceptor' of type [org.springframework.cloud.client.loadbalancer.DeferringLoadBalancerInterceptor] is not eligible for getting processed by all BeanPostProcessors (for example: not eligible for auto-proxying). Is this bean getting eagerly injected into a currently created BeanPostProcessor [lbRestClientPostProcessor]? Check the corresponding BeanPostProcessor declaration and its dependencies.
2026-06-11 12:56:05 - Bean 'org.springframework.cloud.client.loadbalancer.reactive.LoadBalancerBeanPostProcessorAutoConfiguration' of type [org.springframework.cloud.client.loadbalancer.reactive.LoadBalancerBeanPostProcessorAutoConfiguration] is not eligible for getting processed by all BeanPostProcessors (for example: not eligible for auto-proxying). The currently created BeanPostProcessor [loadBalancerWebClientBuilderBeanPostProcessor] is declared through a non-static factory method on that class; consider declaring it as static instead.
2026-06-11 12:56:05 - Bean 'org.springframework.cloud.client.loadbalancer.reactive.LoadBalancerBeanPostProcessorAutoConfiguration$ReactorDeferringLoadBalancerFilterConfig' of type [org.springframework.cloud.client.loadbalancer.reactive.LoadBalancerBeanPostProcessorAutoConfiguration$ReactorDeferringLoadBalancerFilterConfig] is not eligible for getting processed by all BeanPostProcessors (for example: not eligible for auto-proxying). Is this bean getting eagerly injected into a currently created BeanPostProcessor [loadBalancerWebClientBuilderBeanPostProcessor]? Check the corresponding BeanPostProcessor declaration and its dependencies.
2026-06-11 12:56:05 - Bean 'reactorDeferringLoadBalancerExchangeFilterFunction' of type [org.springframework.cloud.client.loadbalancer.reactive.DeferringLoadBalancerExchangeFilterFunction] is not eligible for getting processed by all BeanPostProcessors (for example: not eligible for auto-proxying). Is this bean getting eagerly injected into a currently created BeanPostProcessor [loadBalancerWebClientBuilderBeanPostProcessor]? Check the corresponding BeanPostProcessor declaration and its dependencies.
2026-06-11 12:56:05 - Loaded RoutePredicateFactory [After]
2026-06-11 12:56:05 - Loaded RoutePredicateFactory [Before]
2026-06-11 12:56:05 - Loaded RoutePredicateFactory [Between]
2026-06-11 12:56:05 - Loaded RoutePredicateFactory [Cookie]
2026-06-11 12:56:05 - Loaded RoutePredicateFactory [Header]
2026-06-11 12:56:05 - Loaded RoutePredicateFactory [Host]
2026-06-11 12:56:05 - Loaded RoutePredicateFactory [Method]
2026-06-11 12:56:05 - Loaded RoutePredicateFactory [Path]
2026-06-11 12:56:05 - Loaded RoutePredicateFactory [Query]
2026-06-11 12:56:05 - Loaded RoutePredicateFactory [ReadBody]
2026-06-11 12:56:05 - Loaded RoutePredicateFactory [RemoteAddr]
2026-06-11 12:56:05 - Loaded RoutePredicateFactory [XForwardedRemoteAddr]
2026-06-11 12:56:05 - Loaded RoutePredicateFactory [Weight]
2026-06-11 12:56:05 - Loaded RoutePredicateFactory [CloudFoundryRouteService]
2026-06-11 12:56:06 - Eureka HTTP Client uses RestTemplate.
2026-06-11 12:56:06 - Spring Cloud LoadBalancer is currently working with the default cache. While this cache implementation is useful for development and tests, it's recommended to use Caffeine cache in production.You can switch to using Caffeine cache, by adding it and org.springframework.cache.caffeine.CaffeineCacheManager to the classpath.
2026-06-11 12:56:06 - Setting initial instance status as: STARTING
2026-06-11 12:56:06 - Initializing Eureka in region us-east-1
2026-06-11 12:56:06 - Resolving eureka endpoints via configuration
2026-06-11 12:56:06 - Disable delta property : false
2026-06-11 12:56:06 - Single vip registry refresh property : null
2026-06-11 12:56:06 - Force full registry fetch : false
2026-06-11 12:56:06 - Application is null : false
2026-06-11 12:56:06 - Registered Applications size is zero : true
2026-06-11 12:56:06 - Application version is -1: true
2026-06-11 12:56:06 - Getting all instance registry info from the eureka server
2026-06-11 12:56:06 - The response status is 200
2026-06-11 12:56:06 - Starting heartbeat executor: renew interval is: 30
2026-06-11 12:56:06 - InstanceInfoReplicator onDemand update allowed rate per min is 4
2026-06-11 12:56:06 - Discovery Client initialized at timestamp 1781196966611 with initial instances count: 1
2026-06-11 12:56:06 - Registering application GATEWAY with eureka with status UP
2026-06-11 12:56:06 - Saw local status change event StatusChangeEvent [timestamp=1781196966614, current=UP, previous=STARTING]
2026-06-11 12:56:06 - DiscoveryClient_GATEWAY/SJAPCS03LC0707.duoc.acad:gateway:9999: registering service...
2026-06-11 12:56:06 - DiscoveryClient_GATEWAY/SJAPCS03LC0707.duoc.acad:gateway:9999 - registration status: 204
2026-06-11 12:56:06 - Netty started on port 9999
2026-06-11 12:56:06 - Updating port to 9999
2026-06-11 12:56:06 - Started GatewayApplication in 2.719 seconds (process running for 3.223)
2026-06-11 12:57:56 - Starting GatewayApplication using Java 21.0.10 with PID 7976 (C:\Users\sj-alumno\Desktop\b\Proyecto_full_stack_00\gateway\target\classes started by SJ-Alumno in C:\Users\sj-alumno\Desktop\b\Proyecto_full_stack_00\gateway)
2026-06-11 12:57:56 - No active profile set, falling back to 1 default profile: "default"
2026-06-11 12:57:56 - BeanFactory id=c9fcc6e1-3a52-31e7-927d-de25d3557a7d
2026-06-11 12:57:56 - Bean 'org.springframework.cloud.client.loadbalancer.LoadBalancerAutoConfiguration$DeferringLoadBalancerInterceptorConfig' of type [org.springframework.cloud.client.loadbalancer.LoadBalancerAutoConfiguration$DeferringLoadBalancerInterceptorConfig] is not eligible for getting processed by all BeanPostProcessors (for example: not eligible for auto-proxying). The currently created BeanPostProcessor [lbRestClientPostProcessor] is declared through a non-static factory method on that class; consider declaring it as static instead.
2026-06-11 12:57:56 - Bean 'deferringLoadBalancerInterceptor' of type [org.springframework.cloud.client.loadbalancer.DeferringLoadBalancerInterceptor] is not eligible for getting processed by all BeanPostProcessors (for example: not eligible for auto-proxying). Is this bean getting eagerly injected into a currently created BeanPostProcessor [lbRestClientPostProcessor]? Check the corresponding BeanPostProcessor declaration and its dependencies.
2026-06-11 12:57:56 - Bean 'org.springframework.cloud.client.loadbalancer.reactive.LoadBalancerBeanPostProcessorAutoConfiguration' of type [org.springframework.cloud.client.loadbalancer.reactive.LoadBalancerBeanPostProcessorAutoConfiguration] is not eligible for getting processed by all BeanPostProcessors (for example: not eligible for auto-proxying). The currently created BeanPostProcessor [loadBalancerWebClientBuilderBeanPostProcessor] is declared through a non-static factory method on that class; consider declaring it as static instead.
2026-06-11 12:57:56 - Bean 'org.springframework.cloud.client.loadbalancer.reactive.LoadBalancerBeanPostProcessorAutoConfiguration$ReactorDeferringLoadBalancerFilterConfig' of type [org.springframework.cloud.client.loadbalancer.reactive.LoadBalancerBeanPostProcessorAutoConfiguration$ReactorDeferringLoadBalancerFilterConfig] is not eligible for getting processed by all BeanPostProcessors (for example: not eligible for auto-proxying). Is this bean getting eagerly injected into a currently created BeanPostProcessor [loadBalancerWebClientBuilderBeanPostProcessor]? Check the corresponding BeanPostProcessor declaration and its dependencies.
2026-06-11 12:57:56 - Bean 'reactorDeferringLoadBalancerExchangeFilterFunction' of type [org.springframework.cloud.client.loadbalancer.reactive.DeferringLoadBalancerExchangeFilterFunction] is not eligible for getting processed by all BeanPostProcessors (for example: not eligible for auto-proxying). Is this bean getting eagerly injected into a currently created BeanPostProcessor [loadBalancerWebClientBuilderBeanPostProcessor]? Check the corresponding BeanPostProcessor declaration and its dependencies.
2026-06-11 12:57:57 - Loaded RoutePredicateFactory [After]
2026-06-11 12:57:57 - Loaded RoutePredicateFactory [Before]
2026-06-11 12:57:57 - Loaded RoutePredicateFactory [Between]
2026-06-11 12:57:57 - Loaded RoutePredicateFactory [Cookie]
2026-06-11 12:57:57 - Loaded RoutePredicateFactory [Header]
2026-06-11 12:57:57 - Loaded RoutePredicateFactory [Host]
2026-06-11 12:57:57 - Loaded RoutePredicateFactory [Method]
2026-06-11 12:57:57 - Loaded RoutePredicateFactory [Path]
2026-06-11 12:57:57 - Loaded RoutePredicateFactory [Query]
2026-06-11 12:57:57 - Loaded RoutePredicateFactory [ReadBody]
2026-06-11 12:57:57 - Loaded RoutePredicateFactory [RemoteAddr]
2026-06-11 12:57:57 - Loaded RoutePredicateFactory [XForwardedRemoteAddr]
2026-06-11 12:57:57 - Loaded RoutePredicateFactory [Weight]
2026-06-11 12:57:57 - Loaded RoutePredicateFactory [CloudFoundryRouteService]
2026-06-11 12:57:57 - Eureka HTTP Client uses RestTemplate.
2026-06-11 12:57:57 - Spring Cloud LoadBalancer is currently working with the default cache. While this cache implementation is useful for development and tests, it's recommended to use Caffeine cache in production.You can switch to using Caffeine cache, by adding it and org.springframework.cache.caffeine.CaffeineCacheManager to the classpath.
2026-06-11 12:57:57 - Setting initial instance status as: STARTING
2026-06-11 12:57:57 - Initializing Eureka in region us-east-1
2026-06-11 12:57:58 - Resolving eureka endpoints via configuration
2026-06-11 12:57:58 - Disable delta property : false
2026-06-11 12:57:58 - Single vip registry refresh property : null
2026-06-11 12:57:58 - Force full registry fetch : false
2026-06-11 12:57:58 - Application is null : false
2026-06-11 12:57:58 - Registered Applications size is zero : true
2026-06-11 12:57:58 - Application version is -1: true
2026-06-11 12:57:58 - Getting all instance registry info from the eureka server
2026-06-11 12:57:58 - The response status is 200
2026-06-11 12:57:58 - Starting heartbeat executor: renew interval is: 30
2026-06-11 12:57:58 - InstanceInfoReplicator onDemand update allowed rate per min is 4
2026-06-11 12:57:58 - Discovery Client initialized at timestamp 1781197078381 with initial instances count: 2
2026-06-11 12:57:58 - Registering application GATEWAY with eureka with status UP
2026-06-11 12:57:58 - Saw local status change event StatusChangeEvent [timestamp=1781197078385, current=UP, previous=STARTING]
2026-06-11 12:57:58 - DiscoveryClient_GATEWAY/SJAPCS03LC0707.duoc.acad:gateway:9999: registering service...
2026-06-11 12:57:58 - DiscoveryClient_GATEWAY/SJAPCS03LC0707.duoc.acad:gateway:9999 - registration status: 204
2026-06-11 12:57:58 - Netty started on port 9999
2026-06-11 12:57:58 - Updating port to 9999
2026-06-11 12:57:58 - Started GatewayApplication in 2.695 seconds (process running for 3.215)
2026-06-11 13:04:09 - Starting GatewayApplication using Java 21.0.10 with PID 17080 (C:\Users\sj-alumno\Desktop\b\Proyecto_full_stack_00\gateway\target\classes started by SJ-Alumno in C:\Users\sj-alumno\Desktop\b\Proyecto_full_stack_00\gateway)
2026-06-11 13:04:09 - No active profile set, falling back to 1 default profile: "default"
2026-06-11 13:04:10 - BeanFactory id=c9fcc6e1-3a52-31e7-927d-de25d3557a7d
2026-06-11 13:04:10 - Bean 'org.springframework.cloud.client.loadbalancer.LoadBalancerAutoConfiguration$DeferringLoadBalancerInterceptorConfig' of type [org.springframework.cloud.client.loadbalancer.LoadBalancerAutoConfiguration$DeferringLoadBalancerInterceptorConfig] is not eligible for getting processed by all BeanPostProcessors (for example: not eligible for auto-proxying). The currently created BeanPostProcessor [lbRestClientPostProcessor] is declared through a non-static factory method on that class; consider declaring it as static instead.
2026-06-11 13:04:10 - Bean 'deferringLoadBalancerInterceptor' of type [org.springframework.cloud.client.loadbalancer.DeferringLoadBalancerInterceptor] is not eligible for getting processed by all BeanPostProcessors (for example: not eligible for auto-proxying). Is this bean getting eagerly injected into a currently created BeanPostProcessor [lbRestClientPostProcessor]? Check the corresponding BeanPostProcessor declaration and its dependencies.
2026-06-11 13:04:10 - Bean 'org.springframework.cloud.client.loadbalancer.reactive.LoadBalancerBeanPostProcessorAutoConfiguration' of type [org.springframework.cloud.client.loadbalancer.reactive.LoadBalancerBeanPostProcessorAutoConfiguration] is not eligible for getting processed by all BeanPostProcessors (for example: not eligible for auto-proxying). The currently created BeanPostProcessor [loadBalancerWebClientBuilderBeanPostProcessor] is declared through a non-static factory method on that class; consider declaring it as static instead.
2026-06-11 13:04:10 - Bean 'org.springframework.cloud.client.loadbalancer.reactive.LoadBalancerBeanPostProcessorAutoConfiguration$ReactorDeferringLoadBalancerFilterConfig' of type [org.springframework.cloud.client.loadbalancer.reactive.LoadBalancerBeanPostProcessorAutoConfiguration$ReactorDeferringLoadBalancerFilterConfig] is not eligible for getting processed by all BeanPostProcessors (for example: not eligible for auto-proxying). Is this bean getting eagerly injected into a currently created BeanPostProcessor [loadBalancerWebClientBuilderBeanPostProcessor]? Check the corresponding BeanPostProcessor declaration and its dependencies.
2026-06-11 13:04:10 - Bean 'reactorDeferringLoadBalancerExchangeFilterFunction' of type [org.springframework.cloud.client.loadbalancer.reactive.DeferringLoadBalancerExchangeFilterFunction] is not eligible for getting processed by all BeanPostProcessors (for example: not eligible for auto-proxying). Is this bean getting eagerly injected into a currently created BeanPostProcessor [loadBalancerWebClientBuilderBeanPostProcessor]? Check the corresponding BeanPostProcessor declaration and its dependencies.
2026-06-11 13:04:10 - Loaded RoutePredicateFactory [After]
2026-06-11 13:04:10 - Loaded RoutePredicateFactory [Before]
2026-06-11 13:04:10 - Loaded RoutePredicateFactory [Between]
2026-06-11 13:04:10 - Loaded RoutePredicateFactory [Cookie]
2026-06-11 13:04:10 - Loaded RoutePredicateFactory [Header]
2026-06-11 13:04:10 - Loaded RoutePredicateFactory [Host]
2026-06-11 13:04:10 - Loaded RoutePredicateFactory [Method]
2026-06-11 13:04:10 - Loaded RoutePredicateFactory [Path]
2026-06-11 13:04:10 - Loaded RoutePredicateFactory [Query]
2026-06-11 13:04:10 - Loaded RoutePredicateFactory [ReadBody]
2026-06-11 13:04:10 - Loaded RoutePredicateFactory [RemoteAddr]
2026-06-11 13:04:10 - Loaded RoutePredicateFactory [XForwardedRemoteAddr]
2026-06-11 13:04:10 - Loaded RoutePredicateFactory [Weight]
2026-06-11 13:04:10 - Loaded RoutePredicateFactory [CloudFoundryRouteService]
2026-06-11 13:04:11 - Eureka HTTP Client uses RestTemplate.
2026-06-11 13:04:11 - Spring Cloud LoadBalancer is currently working with the default cache. While this cache implementation is useful for development and tests, it's recommended to use Caffeine cache in production.You can switch to using Caffeine cache, by adding it and org.springframework.cache.caffeine.CaffeineCacheManager to the classpath.
2026-06-11 13:04:11 - Setting initial instance status as: STARTING
2026-06-11 13:04:11 - Initializing Eureka in region us-east-1
2026-06-11 13:04:11 - Resolving eureka endpoints via configuration
2026-06-11 13:04:11 - Disable delta property : false
2026-06-11 13:04:11 - Single vip registry refresh property : null
2026-06-11 13:04:11 - Force full registry fetch : false
2026-06-11 13:04:11 - Application is null : false
2026-06-11 13:04:11 - Registered Applications size is zero : true
2026-06-11 13:04:11 - Application version is -1: true
2026-06-11 13:04:11 - Getting all instance registry info from the eureka server
2026-06-11 13:04:11 - The response status is 200
2026-06-11 13:04:11 - Starting heartbeat executor: renew interval is: 30
2026-06-11 13:04:11 - InstanceInfoReplicator onDemand update allowed rate per min is 4
2026-06-11 13:04:11 - Discovery Client initialized at timestamp 1781197451659 with initial instances count: 0
2026-06-11 13:04:11 - Registering application GATEWAY with eureka with status UP
2026-06-11 13:04:11 - Saw local status change event StatusChangeEvent [timestamp=1781197451662, current=UP, previous=STARTING]
2026-06-11 13:04:11 - DiscoveryClient_GATEWAY/SJAPCS03LC0707.duoc.acad:gateway:9999: registering service...
2026-06-11 13:04:11 - DiscoveryClient_GATEWAY/SJAPCS03LC0707.duoc.acad:gateway:9999 - registration status: 204
2026-06-11 13:04:11 - Netty started on port 9999
2026-06-11 13:04:11 - Updating port to 9999
2026-06-11 13:04:11 - Started GatewayApplication in 2.917 seconds (process running for 3.407)
2026-06-11 13:04:23 - No servers available for service: login
2026-06-11 13:04:37 - No servers available for service: login
2026-06-11 13:04:41 - Disable delta property : false
2026-06-11 13:04:41 - Single vip registry refresh property : null
2026-06-11 13:04:41 - Force full registry fetch : false
2026-06-11 13:04:41 - Application is null : false
2026-06-11 13:04:41 - Registered Applications size is zero : true
2026-06-11 13:04:41 - Application version is -1: false
2026-06-11 13:04:41 - Getting all instance registry info from the eureka server
2026-06-11 13:04:41 - The response status is 200
2026-06-16 11:10:16 - Starting GatewayApplication using Java 21.0.10 with PID 30852 (C:\Users\sj-alumno\Downloads\b\b\Proyecto_full_stack_00\gateway\target\classes started by SJ-Alumno in C:\Users\sj-alumno\Downloads\b\b\Proyecto_full_stack_00\gateway)
2026-06-16 11:10:16 - No active profile set, falling back to 1 default profile: "default"
2026-06-16 11:10:16 - BeanFactory id=c9fcc6e1-3a52-31e7-927d-de25d3557a7d
2026-06-16 11:10:16 - Bean 'org.springframework.cloud.client.loadbalancer.LoadBalancerAutoConfiguration$DeferringLoadBalancerInterceptorConfig' of type [org.springframework.cloud.client.loadbalancer.LoadBalancerAutoConfiguration$DeferringLoadBalancerInterceptorConfig] is not eligible for getting processed by all BeanPostProcessors (for example: not eligible for auto-proxying). The currently created BeanPostProcessor [lbRestClientPostProcessor] is declared through a non-static factory method on that class; consider declaring it as static instead.
2026-06-16 11:10:16 - Bean 'deferringLoadBalancerInterceptor' of type [org.springframework.cloud.client.loadbalancer.DeferringLoadBalancerInterceptor] is not eligible for getting processed by all BeanPostProcessors (for example: not eligible for auto-proxying). Is this bean getting eagerly injected into a currently created BeanPostProcessor [lbRestClientPostProcessor]? Check the corresponding BeanPostProcessor declaration and its dependencies.
2026-06-16 11:10:16 - Bean 'org.springframework.cloud.client.loadbalancer.reactive.LoadBalancerBeanPostProcessorAutoConfiguration' of type [org.springframework.cloud.client.loadbalancer.reactive.LoadBalancerBeanPostProcessorAutoConfiguration] is not eligible for getting processed by all BeanPostProcessors (for example: not eligible for auto-proxying). The currently created BeanPostProcessor [loadBalancerWebClientBuilderBeanPostProcessor] is declared through a non-static factory method on that class; consider declaring it as static instead.
2026-06-16 11:10:16 - Bean 'org.springframework.cloud.client.loadbalancer.reactive.LoadBalancerBeanPostProcessorAutoConfiguration$ReactorDeferringLoadBalancerFilterConfig' of type [org.springframework.cloud.client.loadbalancer.reactive.LoadBalancerBeanPostProcessorAutoConfiguration$ReactorDeferringLoadBalancerFilterConfig] is not eligible for getting processed by all BeanPostProcessors (for example: not eligible for auto-proxying). Is this bean getting eagerly injected into a currently created BeanPostProcessor [loadBalancerWebClientBuilderBeanPostProcessor]? Check the corresponding BeanPostProcessor declaration and its dependencies.
2026-06-16 11:10:16 - Bean 'reactorDeferringLoadBalancerExchangeFilterFunction' of type [org.springframework.cloud.client.loadbalancer.reactive.DeferringLoadBalancerExchangeFilterFunction] is not eligible for getting processed by all BeanPostProcessors (for example: not eligible for auto-proxying). Is this bean getting eagerly injected into a currently created BeanPostProcessor [loadBalancerWebClientBuilderBeanPostProcessor]? Check the corresponding BeanPostProcessor declaration and its dependencies.
2026-06-16 11:10:17 - Loaded RoutePredicateFactory [After]
2026-06-16 11:10:17 - Loaded RoutePredicateFactory [Before]
2026-06-16 11:10:17 - Loaded RoutePredicateFactory [Between]
2026-06-16 11:10:17 - Loaded RoutePredicateFactory [Cookie]
2026-06-16 11:10:17 - Loaded RoutePredicateFactory [Header]
2026-06-16 11:10:17 - Loaded RoutePredicateFactory [Host]
2026-06-16 11:10:17 - Loaded RoutePredicateFactory [Method]
2026-06-16 11:10:17 - Loaded RoutePredicateFactory [Path]
2026-06-16 11:10:17 - Loaded RoutePredicateFactory [Query]
2026-06-16 11:10:17 - Loaded RoutePredicateFactory [ReadBody]
2026-06-16 11:10:17 - Loaded RoutePredicateFactory [RemoteAddr]
2026-06-16 11:10:17 - Loaded RoutePredicateFactory [XForwardedRemoteAddr]
2026-06-16 11:10:17 - Loaded RoutePredicateFactory [Weight]
2026-06-16 11:10:17 - Loaded RoutePredicateFactory [CloudFoundryRouteService]
2026-06-16 11:10:17 - Eureka HTTP Client uses RestTemplate.
2026-06-16 11:10:17 - Spring Cloud LoadBalancer is currently working with the default cache. While this cache implementation is useful for development and tests, it's recommended to use Caffeine cache in production.You can switch to using Caffeine cache, by adding it and org.springframework.cache.caffeine.CaffeineCacheManager to the classpath.
2026-06-16 11:10:17 - Setting initial instance status as: STARTING
2026-06-16 11:10:17 - Initializing Eureka in region us-east-1
2026-06-16 11:10:17 - Resolving eureka endpoints via configuration
2026-06-16 11:10:17 - Disable delta property : false
2026-06-16 11:10:17 - Single vip registry refresh property : null
2026-06-16 11:10:17 - Force full registry fetch : false
2026-06-16 11:10:17 - Application is null : false
2026-06-16 11:10:17 - Registered Applications size is zero : true
2026-06-16 11:10:17 - Application version is -1: true
2026-06-16 11:10:17 - Getting all instance registry info from the eureka server
2026-06-16 11:10:18 - The response status is 200
2026-06-16 11:10:18 - Starting heartbeat executor: renew interval is: 30
2026-06-16 11:10:18 - InstanceInfoReplicator onDemand update allowed rate per min is 4
2026-06-16 11:10:18 - Discovery Client initialized at timestamp 1781622618277 with initial instances count: 1
2026-06-16 11:10:18 - Registering application GATEWAY with eureka with status UP
2026-06-16 11:10:18 - Saw local status change event StatusChangeEvent [timestamp=1781622618281, current=UP, previous=STARTING]
2026-06-16 11:10:18 - DiscoveryClient_GATEWAY/SJAPCS03LC0707.duoc.acad:gateway:9999: registering service...
2026-06-16 11:10:18 - DiscoveryClient_GATEWAY/SJAPCS03LC0707.duoc.acad:gateway:9999 - registration status: 204
2026-06-16 11:10:18 - Netty started on port 9999
2026-06-16 11:10:18 - Updating port to 9999
2026-06-16 11:10:18 - Started GatewayApplication in 2.798 seconds (process running for 3.301)
