2026-06-16 17:07:55 - Starting LeccionarioApplication using Java 21.0.10 with PID 4728 (C:\Users\yvann\OneDrive\Documentos\Carpeta_principal\leccionario\target\classes started by yo in C:\Users\yvann\OneDrive\Documentos\Carpeta_principal\leccionario)
2026-06-16 17:07:55 - Running with Spring Boot v4.0.6, Spring v7.0.7
2026-06-16 17:07:55 - No active profile set, falling back to 1 default profile: "default"
2026-06-16 17:07:58 - Bootstrapping Spring Data JPA repositories in DEFAULT mode.
2026-06-16 17:07:58 - Finished Spring Data repository scanning in 218 ms. Found 1 JPA repository interface.
2026-06-16 17:07:59 - BeanFactory id=2e0809ee-75d7-31c0-9981-609322e97cb4
2026-06-16 17:08:00 - Tomcat initialized with port 9008 (http)
2026-06-16 17:08:00 - Starting service [Tomcat]
2026-06-16 17:08:00 - Starting Servlet engine: [Apache Tomcat/11.0.21]
2026-06-16 17:08:00 - Root WebApplicationContext: initialization completed in 5079 ms
2026-06-16 17:08:01 - HikariPool-1 - Starting...
2026-06-16 17:08:01 - HikariPool-1 - Added connection com.mysql.cj.jdbc.ConnectionImpl@2a9565d7
2026-06-16 17:08:01 - HikariPool-1 - Start completed.
2026-06-16 17:08:02 - Database: jdbc:mysql://localhost:3306/leccionario (MySQL 8.4)
2026-06-16 17:08:02 - Using MySQL 8.4 which is newer than the version Flyway has been verified with. The latest verified version of MySQL is 8.1.
2026-06-16 17:08:02 - Schema history table `leccionario`.`flyway_schema_history` does not exist yet
2026-06-16 17:08:02 - Successfully validated 0 migrations (execution time 00:00.031s)
2026-06-16 17:08:02 - No migrations found. Are your locations set up correctly?
2026-06-16 17:08:02 - Creating Schema History table `leccionario`.`flyway_schema_history` ...
2026-06-16 17:08:02 - Current version of schema `leccionario`: << Empty Schema >>
2026-06-16 17:08:02 - Schema `leccionario` is up to date. No migration necessary.
2026-06-16 17:08:02 - HHH008540: Processing PersistenceUnitInfo [name: default]
2026-06-16 17:08:02 - HHH000001: Hibernate ORM core version 7.2.12.Final
2026-06-16 17:08:03 - No LoadTimeWeaver setup: ignoring JPA class transformer
2026-06-16 17:08:03 - HHH90000025: MySQLDialect does not need to be specified explicitly using 'hibernate.dialect' (remove the property setting and it will be selected by default)
2026-06-16 17:08:03 - HHH10001005: Database info:
	Database JDBC URL [jdbc:mysql://localhost:3306/leccionario]
	Database driver: MySQL Connector/J
	Database dialect: MySQLDialect
	Database version: 8.4.3
	Default catalog/schema: leccionario/undefined
	Autocommit mode: undefined/unknown
	Isolation level: REPEATABLE_READ [default REPEATABLE_READ]
	JDBC fetch size: none
	Pool: DataSourceConnectionProvider
	Minimum pool size: undefined/unknown
	Maximum pool size: undefined/unknown
2026-06-16 17:08:04 - HHH000489: No JTA platform available (set 'hibernate.transaction.jta.platform' to enable JTA platform integration)
2026-06-16 17:08:04 - Initialized JPA EntityManagerFactory for persistence unit 'default'
2026-06-16 17:08:04 - Hibernate is in classpath; If applicable, HQL parser will be used.
2026-06-16 17:08:05 - spring.jpa.open-in-view is enabled by default. Therefore, database queries may be performed during view rendering. Explicitly configure spring.jpa.open-in-view to disable this warning
2026-06-16 17:08:05 - 

Using generated security password: 0eb12898-adfa-42e8-b702-d568a657f370

This generated password is for development use only. Your security configuration must be updated before running your application in production.

2026-06-16 17:08:05 - Global AuthenticationManager configured with UserDetailsService bean with name inMemoryUserDetailsManager
2026-06-16 17:08:07 - Eureka HTTP Client uses RestClient.
2026-06-16 17:08:07 - Spring Cloud LoadBalancer is currently working with the default cache. While this cache implementation is useful for development and tests, it's recommended to use Caffeine cache in production.You can switch to using Caffeine cache, by adding it and org.springframework.cache.caffeine.CaffeineCacheManager to the classpath.
2026-06-16 17:08:07 - Exposing 1 endpoint beneath base path '/actuator'
2026-06-16 17:08:07 - Setting initial instance status as: STARTING
2026-06-16 17:08:07 - Initializing Eureka in region us-east-1
2026-06-16 17:08:07 - Resolving eureka endpoints via configuration
2026-06-16 17:08:07 - Disable delta property : false
2026-06-16 17:08:07 - Single vip registry refresh property : null
2026-06-16 17:08:07 - Force full registry fetch : false
2026-06-16 17:08:07 - Application is null : false
2026-06-16 17:08:07 - Registered Applications size is zero : true
2026-06-16 17:08:07 - Application version is -1: true
2026-06-16 17:08:07 - Getting all instance registry info from the eureka server
2026-06-16 17:08:08 - The response status is 200
2026-06-16 17:08:08 - Starting heartbeat executor: renew interval is: 30
2026-06-16 17:08:08 - InstanceInfoReplicator onDemand update allowed rate per min is 4
2026-06-16 17:08:08 - Discovery Client initialized at timestamp 1781644088177 with initial instances count: 1
2026-06-16 17:08:08 - Registering application LECCIONARIO with eureka with status UP
2026-06-16 17:08:08 - Saw local status change event StatusChangeEvent [timestamp=1781644088189, current=UP, previous=STARTING]
2026-06-16 17:08:08 - DiscoveryClient_LECCIONARIO/kaimorin:leccionario:9008: registering service...
2026-06-16 17:08:08 - Tomcat started on port 9008 (http) with context path '/'
2026-06-16 17:08:08 - Updating port to 9008
2026-06-16 17:08:08 - DiscoveryClient_LECCIONARIO/kaimorin:leccionario:9008 - registration status: 204
2026-06-16 17:08:08 - Started LeccionarioApplication in 13.766 seconds (process running for 14.997)
2026-06-16 17:08:08 - SpringDoc /v3/api-docs endpoint is enabled by default. To disable it in production, set the property 'springdoc.api-docs.enabled=false'
2026-06-16 17:08:08 - SpringDoc /swagger-ui/index.html endpoint is enabled by default. To disable it in production, set the property 'springdoc.swagger-ui.enabled=false'
2026-06-16 17:08:09 - Initializing Spring DispatcherServlet 'dispatcherServlet'
2026-06-16 17:08:09 - Initializing Servlet 'dispatcherServlet'
2026-06-16 17:08:09 - Completed initialization in 5 ms
